2024-04-17 08:50:24.162  INFO 13236 --- [main] c.m.i.g.GrandstoresApplication           : Starting GrandstoresApplication using Java 12.0.1 on LAPTOP-DELL120 with PID 13236 (E:\Moshina_DIR\Projects\GrandStores_New\GrandStoreAPI_17Nov\GrandStoreAPI_17Nov\target\classes started by Moshina in E:\Moshina_DIR\Projects\GrandStores_New\GrandStoreAPI_17Nov\GrandStoreAPI_17Nov)
2024-04-17 08:50:24.165  INFO 13236 --- [main] c.m.i.g.GrandstoresApplication           : No active profile set, falling back to default profiles: default
2024-04-17 08:50:25.633  INFO 13236 --- [main] .s.d.r.c.RepositoryConfigurationDelegate : Bootstrapping Spring Data JPA repositories in DEFAULT mode.
2024-04-17 08:50:25.900  INFO 13236 --- [main] .s.d.r.c.RepositoryConfigurationDelegate : Finished Spring Data repository scanning in 256 ms. Found 33 JPA repository interfaces.
2024-04-17 08:50:27.113  INFO 13236 --- [main] o.s.b.w.embedded.tomcat.TomcatWebServer  : Tomcat initialized with port(s): 8082 (http)
2024-04-17 08:50:27.122  INFO 13236 --- [main] o.apache.catalina.core.StandardService   : Starting service [Tomcat]
2024-04-17 08:50:27.123  INFO 13236 --- [main] org.apache.catalina.core.StandardEngine  : Starting Servlet engine: [Apache Tomcat/9.0.48]
2024-04-17 08:50:27.254  INFO 13236 --- [main] o.a.c.c.C.[Tomcat].[localhost].[/]       : Initializing Spring embedded WebApplicationContext
2024-04-17 08:50:27.256  INFO 13236 --- [main] w.s.c.ServletWebServerApplicationContext : Root WebApplicationContext: initialization completed in 3029 ms
2024-04-17 08:50:31.883  INFO 13236 --- [main] o.hibernate.jpa.internal.util.LogHelper  : HHH000204: Processing PersistenceUnitInfo [name: default]
2024-04-17 08:50:31.998  INFO 13236 --- [main] org.hibernate.Version                    : HHH000412: Hibernate ORM core version 5.4.32.Final
2024-04-17 08:50:32.292  INFO 13236 --- [main] o.hibernate.annotations.common.Version   : HCANN000001: Hibernate Commons Annotations {5.1.2.Final}
2024-04-17 08:50:35.939  INFO 13236 --- [main] org.hibernate.dialect.Dialect            : HHH000400: Using dialect: org.hibernate.dialect.Oracle12cDialect
2024-04-17 08:51:02.160 ERROR 13236 --- [main] o.h.e.j.e.internal.JdbcEnvironmentImpl   : Could not fetch the SequenceInformation from the database

java.sql.SQLException: Numeric Overflow
	at oracle.jdbc.driver.NumberCommonAccessor.throwOverflow(NumberCommonAccessor.java:4162) ~[ojdbc8-21.1.0.0.jar:21.1.0.0.0]
	at oracle.jdbc.driver.NumberCommonAccessor.getLong(NumberCommonAccessor.java:643) ~[ojdbc8-21.1.0.0.jar:21.1.0.0.0]
	at oracle.jdbc.driver.GeneratedStatement.getLong(GeneratedStatement.java:178) ~[ojdbc8-21.1.0.0.jar:21.1.0.0.0]
	at oracle.jdbc.driver.GeneratedScrollableResultSet.getLong(GeneratedScrollableResultSet.java:286) ~[ojdbc8-21.1.0.0.jar:21.1.0.0.0]
	at oracle.jdbc.driver.GeneratedResultSet.getLong(GeneratedResultSet.java:626) ~[ojdbc8-21.1.0.0.jar:21.1.0.0.0]
	at org.hibernate.tool.schema.extract.internal.SequenceInformationExtractorLegacyImpl.resultSetMinValue(SequenceInformationExtractorLegacyImpl.java:134) ~[hibernate-core-5.4.32.Final.jar:5.4.32.Final]
	at org.hibernate.tool.schema.extract.internal.SequenceInformationExtractorLegacyImpl.extractMetadata(SequenceInformationExtractorLegacyImpl.java:60) ~[hibernate-core-5.4.32.Final.jar:5.4.32.Final]
	at org.hibernate.engine.jdbc.env.internal.JdbcEnvironmentImpl.sequenceInformationList(JdbcEnvironmentImpl.java:403) ~[hibernate-core-5.4.32.Final.jar:5.4.32.Final]
	at org.hibernate.engine.jdbc.env.internal.JdbcEnvironmentImpl.<init>(JdbcEnvironmentImpl.java:268) ~[hibernate-core-5.4.32.Final.jar:5.4.32.Final]
	at org.hibernate.engine.jdbc.env.internal.JdbcEnvironmentInitiator.initiateService(JdbcEnvironmentInitiator.java:114) ~[hibernate-core-5.4.32.Final.jar:5.4.32.Final]
	at org.hibernate.engine.jdbc.env.internal.JdbcEnvironmentInitiator.initiateService(JdbcEnvironmentInitiator.java:35) ~[hibernate-core-5.4.32.Final.jar:5.4.32.Final]
	at org.hibernate.boot.registry.internal.StandardServiceRegistryImpl.initiateService(StandardServiceRegistryImpl.java:101) ~[hibernate-core-5.4.32.Final.jar:5.4.32.Final]
	at org.hibernate.service.internal.AbstractServiceRegistryImpl.createService(AbstractServiceRegistryImpl.java:263) ~[hibernate-core-5.4.32.Final.jar:5.4.32.Final]
	at org.hibernate.service.internal.AbstractServiceRegistryImpl.initializeService(AbstractServiceRegistryImpl.java:237) ~[hibernate-core-5.4.32.Final.jar:5.4.32.Final]
	at org.hibernate.service.internal.AbstractServiceRegistryImpl.getService(AbstractServiceRegistryImpl.java:214) ~[hibernate-core-5.4.32.Final.jar:5.4.32.Final]
	at org.hibernate.id.factory.internal.DefaultIdentifierGeneratorFactory.injectServices(DefaultIdentifierGeneratorFactory.java:152) ~[hibernate-core-5.4.32.Final.jar:5.4.32.Final]
	at org.hibernate.service.internal.AbstractServiceRegistryImpl.injectDependencies(AbstractServiceRegistryImpl.java:286) ~[hibernate-core-5.4.32.Final.jar:5.4.32.Final]
	at org.hibernate.service.internal.AbstractServiceRegistryImpl.initializeService(AbstractServiceRegistryImpl.java:243) ~[hibernate-core-5.4.32.Final.jar:5.4.32.Final]
	at org.hibernate.service.internal.AbstractServiceRegistryImpl.getService(AbstractServiceRegistryImpl.java:214) ~[hibernate-core-5.4.32.Final.jar:5.4.32.Final]
	at org.hibernate.boot.internal.InFlightMetadataCollectorImpl.<init>(InFlightMetadataCollectorImpl.java:176) ~[hibernate-core-5.4.32.Final.jar:5.4.32.Final]
	at org.hibernate.boot.model.process.spi.MetadataBuildingProcess.complete(MetadataBuildingProcess.java:127) ~[hibernate-core-5.4.32.Final.jar:5.4.32.Final]
	at org.hibernate.jpa.boot.internal.EntityManagerFactoryBuilderImpl.metadata(EntityManagerFactoryBuilderImpl.java:1224) ~[hibernate-core-5.4.32.Final.jar:5.4.32.Final]
	at org.hibernate.jpa.boot.internal.EntityManagerFactoryBuilderImpl.build(EntityManagerFactoryBuilderImpl.java:1255) ~[hibernate-core-5.4.32.Final.jar:5.4.32.Final]
	at org.springframework.orm.jpa.vendor.SpringHibernateJpaPersistenceProvider.createContainerEntityManagerFactory(SpringHibernateJpaPersistenceProvider.java:58) ~[spring-orm-5.3.8.jar:5.3.8]
	at org.springframework.orm.jpa.LocalContainerEntityManagerFactoryBean.createNativeEntityManagerFactory(LocalContainerEntityManagerFactoryBean.java:365) ~[spring-orm-5.3.8.jar:5.3.8]
	at org.springframework.orm.jpa.AbstractEntityManagerFactoryBean.buildNativeEntityManagerFactory(AbstractEntityManagerFactoryBean.java:409) ~[spring-orm-5.3.8.jar:5.3.8]
	at org.springframework.orm.jpa.AbstractEntityManagerFactoryBean.afterPropertiesSet(AbstractEntityManagerFactoryBean.java:396) ~[spring-orm-5.3.8.jar:5.3.8]
	at org.springframework.orm.jpa.LocalContainerEntityManagerFactoryBean.afterPropertiesSet(LocalContainerEntityManagerFactoryBean.java:341) ~[spring-orm-5.3.8.jar:5.3.8]
	at org.springframework.beans.factory.support.AbstractAutowireCapableBeanFactory.invokeInitMethods(AbstractAutowireCapableBeanFactory.java:1845) ~[spring-beans-5.3.8.jar:5.3.8]
	at org.springframework.beans.factory.support.AbstractAutowireCapableBeanFactory.initializeBean(AbstractAutowireCapableBeanFactory.java:1782) ~[spring-beans-5.3.8.jar:5.3.8]
	at org.springframework.beans.factory.support.AbstractAutowireCapableBeanFactory.doCreateBean(AbstractAutowireCapableBeanFactory.java:602) ~[spring-beans-5.3.8.jar:5.3.8]
	at org.springframework.beans.factory.support.AbstractAutowireCapableBeanFactory.createBean(AbstractAutowireCapableBeanFactory.java:524) ~[spring-beans-5.3.8.jar:5.3.8]
	at org.springframework.beans.factory.support.AbstractBeanFactory.lambda$doGetBean$0(AbstractBeanFactory.java:335) ~[spring-beans-5.3.8.jar:5.3.8]
	at org.springframework.beans.factory.support.DefaultSingletonBeanRegistry.getSingleton(DefaultSingletonBeanRegistry.java:234) ~[spring-beans-5.3.8.jar:5.3.8]
	at org.springframework.beans.factory.support.AbstractBeanFactory.doGetBean(AbstractBeanFactory.java:333) ~[spring-beans-5.3.8.jar:5.3.8]
	at org.springframework.beans.factory.support.AbstractBeanFactory.getBean(AbstractBeanFactory.java:208) ~[spring-beans-5.3.8.jar:5.3.8]
	at org.springframework.context.support.AbstractApplicationContext.getBean(AbstractApplicationContext.java:1154) ~[spring-context-5.3.8.jar:5.3.8]
	at org.springframework.context.support.AbstractApplicationContext.finishBeanFactoryInitialization(AbstractApplicationContext.java:908) ~[spring-context-5.3.8.jar:5.3.8]
	at org.springframework.context.support.AbstractApplicationContext.refresh(AbstractApplicationContext.java:583) ~[spring-context-5.3.8.jar:5.3.8]
	at org.springframework.boot.web.servlet.context.ServletWebServerApplicationContext.refresh(ServletWebServerApplicationContext.java:145) ~[spring-boot-2.5.2.jar:2.5.2]
	at org.springframework.boot.SpringApplication.refresh(SpringApplication.java:754) ~[spring-boot-2.5.2.jar:2.5.2]
	at org.springframework.boot.SpringApplication.refreshContext(SpringApplication.java:434) ~[spring-boot-2.5.2.jar:2.5.2]
	at org.springframework.boot.SpringApplication.run(SpringApplication.java:338) ~[spring-boot-2.5.2.jar:2.5.2]
	at org.springframework.boot.SpringApplication.run(SpringApplication.java:1343) ~[spring-boot-2.5.2.jar:2.5.2]
	at org.springframework.boot.SpringApplication.run(SpringApplication.java:1332) ~[spring-boot-2.5.2.jar:2.5.2]
	at com.mobile.integration.grandstores.GrandstoresApplication.main(GrandstoresApplication.java:10) ~[classes/:na]

2024-04-17 08:51:03.639  INFO 13236 --- [main] o.h.e.t.j.p.i.JtaPlatformInitiator       : HHH000490: Using JtaPlatform implementation: [org.hibernate.engine.transaction.jta.platform.internal.NoJtaPlatform]
2024-04-17 08:51:03.649  INFO 13236 --- [main] j.LocalContainerEntityManagerFactoryBean : Initialized JPA EntityManagerFactory for persistence unit 'default'
2024-04-17 08:51:04.059  WARN 13236 --- [main] JpaBaseConfiguration$JpaWebConfiguration : spring.jpa.open-in-view is enabled by default. Therefore, database queries may be performed during view rendering. Explicitly configure spring.jpa.open-in-view to disable this warning
2024-04-17 08:51:05.181  INFO 13236 --- [main] o.s.s.web.DefaultSecurityFilterChain     : Will secure any request with [org.springframework.security.web.context.request.async.WebAsyncManagerIntegrationFilter@441e789e, org.springframework.security.web.context.SecurityContextPersistenceFilter@37b17938, org.springframework.security.web.header.HeaderWriterFilter@32dab011, org.springframework.security.web.authentication.logout.LogoutFilter@47a22020, com.mobile.integration.grandstores.Utils.JwtWebSecure.JwtRequestFilter@e9474f, org.springframework.security.web.savedrequest.RequestCacheAwareFilter@3f3b0b19, org.springframework.security.web.servletapi.SecurityContextHolderAwareRequestFilter@77971bbf, org.springframework.security.web.authentication.AnonymousAuthenticationFilter@74a680d3, org.springframework.security.web.session.SessionManagementFilter@172f88b1, org.springframework.security.web.access.ExceptionTranslationFilter@4702faee, org.springframework.security.web.access.intercept.FilterSecurityInterceptor@45b63133]
2024-04-17 08:51:05.410  INFO 13236 --- [main] o.s.b.w.embedded.tomcat.TomcatWebServer  : Tomcat started on port(s): 8082 (http) with context path ''
2024-04-17 08:51:05.412  INFO 13236 --- [main] d.s.w.p.DocumentationPluginsBootstrapper : Context refreshed
2024-04-17 08:51:05.429  INFO 13236 --- [main] d.s.w.p.DocumentationPluginsBootstrapper : Found 1 custom documentation plugin(s)
2024-04-17 08:51:05.444  INFO 13236 --- [main] s.d.s.w.s.ApiListingReferenceScanner     : Scanning for api listing references
2024-04-17 08:51:05.768  INFO 13236 --- [main] .d.s.w.r.o.CachingOperationNameGenerator : Generating unique operation named: getBinTransferUsingGET_1
2024-04-17 08:51:05.782  INFO 13236 --- [main] .d.s.w.r.o.CachingOperationNameGenerator : Generating unique operation named: insertBinTransferUsingPOST_1
2024-04-17 08:51:05.797  INFO 13236 --- [main] .d.s.w.r.o.CachingOperationNameGenerator : Generating unique operation named: getBinTransferUsingGET_2
2024-04-17 08:51:05.840  INFO 13236 --- [main] .d.s.w.r.o.CachingOperationNameGenerator : Generating unique operation named: getBinTransferUsingGET_3
2024-04-17 08:51:05.845  INFO 13236 --- [main] .d.s.w.r.o.CachingOperationNameGenerator : Generating unique operation named: insertBinTransferUsingPOST_2
2024-04-17 08:51:05.849  INFO 13236 --- [main] .d.s.w.r.o.CachingOperationNameGenerator : Generating unique operation named: getInvOrganizationUsingPOST_1
2024-04-17 08:51:05.904  INFO 13236 --- [main] .d.s.w.r.o.CachingOperationNameGenerator : Generating unique operation named: getpiDetailsUsingGET_1
2024-04-17 08:51:05.910  INFO 13236 --- [main] .d.s.w.r.o.CachingOperationNameGenerator : Generating unique operation named: insertpiDetailsUsingPOST_1
2024-04-17 08:51:05.950  INFO 13236 --- [main] .d.s.w.r.o.CachingOperationNameGenerator : Generating unique operation named: insertpoConfirmUsingPOST_1
2024-04-17 08:51:05.975  INFO 13236 --- [main] .d.s.w.r.o.CachingOperationNameGenerator : Generating unique operation named: getPONumberUsingPOST_1
2024-04-17 08:51:05.980  INFO 13236 --- [main] .d.s.w.r.o.CachingOperationNameGenerator : Generating unique operation named: getPOReleaseNumberUsingPOST_1
2024-04-17 08:51:05.982  INFO 13236 --- [main] .d.s.w.r.o.CachingOperationNameGenerator : Generating unique operation named: getPolotDetailUsingGET_1
2024-04-17 08:51:05.986  INFO 13236 --- [main] .d.s.w.r.o.CachingOperationNameGenerator : Generating unique operation named: insertpoConfirmUsingPOST_2
2024-04-17 08:51:06.033  INFO 13236 --- [main] .d.s.w.r.o.CachingOperationNameGenerator : Generating unique operation named: getBinTransferUsingGET_4
2024-04-17 08:51:06.052  INFO 13236 --- [main] .d.s.w.r.o.CachingOperationNameGenerator : Generating unique operation named: insertMoConfirmUsingPOST_1
2024-04-17 08:51:06.119  INFO 13236 --- [main] .d.s.w.r.o.CachingOperationNameGenerator : Generating unique operation named: getItemCrossRefUsingPOST_1
2024-04-17 08:51:06.123  INFO 13236 --- [main] .d.s.w.r.o.CachingOperationNameGenerator : Generating unique operation named: getItemDetailUsingPOST_1
2024-04-17 08:51:06.206  INFO 13236 --- [main] c.m.i.g.GrandstoresApplication           : Started GrandstoresApplication in 42.719 seconds (JVM running for 43.298)
2024-04-17 08:51:32.582  INFO 13236 --- [http-nio-8082-exec-1] o.a.c.c.C.[Tomcat].[localhost].[/]       : Initializing Spring DispatcherServlet 'dispatcherServlet'
2024-04-17 08:51:32.586  INFO 13236 --- [http-nio-8082-exec-1] o.s.web.servlet.DispatcherServlet        : Initializing Servlet 'dispatcherServlet'
2024-04-17 08:51:32.591  INFO 13236 --- [http-nio-8082-exec-1] o.s.web.servlet.DispatcherServlet        : Completed initialization in 3 ms
2024-04-17 08:52:14.255  INFO 13236 --- [http-nio-8082-exec-3] c.m.i.g.M.M.MoConfirmCO                  : Entering the insertMoQuickPickJsonPost method; {
   "moConfirms":[
      {
		 "attribute12" : "Y",
         "createdBy":"1",
         "creationDate":"2024-03-15",
         "deliveryDetailId":11760534,
         "destinationLocationId":372,
         "destinationSubInventory":"400",
         "itemCode":"900-1482-000463",
         "itemId":2007008,
         "lastUpdateDate":"2024-03-15",
         "lastUpdateLogin":"",
         "lastUpdatedBy":"1",
         "moLineNumber":2,
         "moNumber":2087308,
         "orderNumber":735755,
         "orgId":121,
         "personId":"1",
         "pickSlipNumber":"",
         "pickedQuantity":"1.0",
         "requiredQuantity":25.0,
         "sourceLocationId":48234,
         "sourceSubInventory":"104",
         "status":"C",
         "transactionType":"Out Bound Picking",
         "transferQuantity":"1.0",
         "uomCode":"EA"
      },
      {
	     "attribute12" : "Y",
         "createdBy":"1",
         "creationDate":"2024-03-15",
         "deliveryDetailId":11760534,
         "destinationLocationId":372,
         "destinationSubInventory":"400",
         "itemCode":"104-1482-000531",
         "itemId":2041082,
         "lastUpdateDate":"2024-03-15",
         "lastUpdateLogin":"",
         "lastUpdatedBy":"1",
         "moLineNumber":1,
         "moNumber":2087308,
         "orderNumber":735755,
         "orgId":121,
         "personId":"1",
         "pickSlipNumber":"",
         "pickedQuantity":"2.0",
         "requiredQuantity":25.0,
         "sourceLocationId":48076,
         "sourceSubInventory":"104",
         "status":"C",
         "transactionType":"Out Bound Picking",
         "transferQuantity":"2.0",
         "uomCode":"EA"
      },
      {
		"attribute12" : "N",
         "createdBy":"1",
         "creationDate":"2024-03-15",
         "deliveryDetailId":11760534,
         "destinationLocationId":372,
         "destinationSubInventory":"400",
         "itemCode":"104-1482-000463",
         "itemId":2007008,
         "lastUpdateDate":"2024-03-15",
         "lastUpdateLogin":"",
         "lastUpdatedBy":"1",
         "moLineNumber":2,
         "moNumber":2087308,
         "orderNumber":735755,
         "orgId":121,
         "personId":"1",
         "pickSlipNumber":"",
         "pickedQuantity":"1.0",
         "requiredQuantity":25.0,
         "sourceLocationId":47932,
         "sourceSubInventory":"104",
         "status":"C",
         "transactionType":"Out Bound Picking",
         "transferQuantity":"1.0",
         "uomCode":"EA"
      },
      {
	  "attribute12" : "N",
         "createdBy":"1",
         "creationDate":"2024-03-15",
         "deliveryDetailId":11760534,
         "destinationLocationId":372,
         "destinationSubInventory":"400",
         "itemCode":"104-1482-000463",
         "itemId":2007008,
         "lastUpdateDate":"2024-03-15",
         "lastUpdateLogin":"",
         "lastUpdatedBy":"1",
         "moLineNumber":2,
         "moNumber":2087308,
         "orderNumber":735755,
         "orgId":121,
         "personId":"1",
         "pickSlipNumber":"",
         "pickedQuantity":"1.0",
         "requiredQuantity":25.0,
         "sourceLocationId":48075,
         "sourceSubInventory":"104",
         "status":"C",
         "transactionType":"Out Bound Picking",
         "transferQuantity":"1.0",
         "uomCode":"EA"
      }
   ],
   "pickConfirmations":[
      {
         "attribute1":"12678944",
         "attribute2":"2041082",
         "attribute3":"48076",
         "attribute4":"735755",
         "attributeCategory":"",
         "createdBy":1,
         "creationDate":"2024-03-15",
         "deliveryDetailId":11760534,
         "fromSerialNumber":"ABC-abc-1239",
         "lastUpdateDate":"2024-03-15",
         "lastUpdateLogin":0,
         "lastUpdatedBy":1,
         "quantity":1,
         "status":"C",
         "toserialNumber":"ABC-abc-1239",
         "trasactionType":"Out Bound Picking"
      },
      {
         "attribute1":"12678944",
         "attribute2":"2041082",
         "attribute3":"48076",
         "attribute4":"735755",
         "attributeCategory":"",
         "createdBy":1,
         "creationDate":"2024-03-15",
         "deliveryDetailId":11760534,
         "fromSerialNumber":"ABC-abc-1235",
         "lastUpdateDate":"2024-03-15",
         "lastUpdateLogin":0,
         "lastUpdatedBy":1,
         "quantity":1,
         "status":"C",
         "toserialNumber":"ABC-abc-1235",
         "trasactionType":"Out Bound Picking"
      },
      {
         "attribute1":"12678943",
         "attribute2":"2007008",
         "attribute3":"48075",
         "attribute4":"735755",
         "attributeCategory":"",
         "createdBy":1,
         "creationDate":"2024-03-15",
         "deliveryDetailId":11760534,
         "fromSerialNumber":"EFG-abc-123",
         "lastUpdateDate":"2024-03-15",
         "lastUpdateLogin":0,
         "lastUpdatedBy":1,
         "quantity":1,
         "status":"C",
         "toserialNumber":"EFG-abc-123",
         "trasactionType":"Out Bound Picking"
      },
      {
         "attribute1":"12678943",
         "attribute2":"2007008",
         "attribute3":"47932",
         "attribute4":"735755",
         "attributeCategory":"",
         "createdBy":1,
         "creationDate":"2024-03-15",
         "deliveryDetailId":11760534,
         "fromSerialNumber":"ABC-abc-1",
         "lastUpdateDate":"2024-03-15",
         "lastUpdateLogin":0,
         "lastUpdatedBy":1,
         "quantity":1,
         "status":"C",
         "toserialNumber":"ABC-abc-1",
         "trasactionType":"Out Bound Picking"
      },
      {
         "attribute1":"12678943",
         "attribute2":"2007008",
         "attribute3":"48234",
         "attribute4":"735755",
         "attributeCategory":"",
         "createdBy":1,
         "creationDate":"2024-03-15",
         "deliveryDetailId":11760534,
         "fromSerialNumber":"ABC-abc-12",
         "lastUpdateDate":"2024-03-15",
         "lastUpdateLogin":0,
         "lastUpdatedBy":1,
         "quantity":1,
         "status":"C",
         "toserialNumber":"ABC-abc-12",
         "trasactionType":"Out Bound Picking"
      }
   ]
}
