2024-06-02 20:09:18,188 INFO [main] c.m.i.g.GrandstoresApplication [StartupInfoLogger.java:55] 
Starting GrandstoresApplication using Java 12.0.1 on LAPTOP-DELL120 with PID 53884 (E:\Moshina_DIR\Projects\GrandStores_New\GrandStoreAPI_17Nov\GrandStoreAPI_17Nov\target\classes started by Moshina in E:\Moshina_DIR\Projects\GrandStores_New\GrandStoreAPI_17Nov\GrandStoreAPI_17Nov)
2024-06-02 20:09:18,257 DEBUG [main] c.m.i.g.GrandstoresApplication [StartupInfoLogger.java:56] 
Running with Spring Boot v2.5.2, Spring v5.3.8
2024-06-02 20:09:18,260 INFO [main] c.m.i.g.GrandstoresApplication [SpringApplication.java:659] 
No active profile set, falling back to default profiles: default
2024-06-02 20:09:18,263 DEBUG [main] o.s.b.SpringApplication [SpringApplication.java:687] 
Loading source class com.mobile.integration.grandstores.GrandstoresApplication
2024-06-02 20:09:18,783 DEBUG [main] o.s.b.w.s.c.AnnotationConfigServletWebServerApplicationContext [AbstractApplicationContext.java:629] 
Refreshing org.springframework.boot.web.servlet.context.AnnotationConfigServletWebServerApplicationContext@14008db3
2024-06-02 20:09:18,921 DEBUG [main] o.s.b.f.s.DefaultListableBeanFactory [DefaultSingletonBeanRegistry.java:225] 
Creating shared instance of singleton bean 'org.springframework.context.annotation.internalConfigurationAnnotationProcessor'
2024-06-02 20:09:18,992 DEBUG [main] o.s.b.f.s.DefaultListableBeanFactory [DefaultSingletonBeanRegistry.java:225] 
Creating shared instance of singleton bean 'org.springframework.boot.autoconfigure.internalCachingMetadataReaderFactory'
2024-06-02 20:09:19,655 DEBUG [main] o.s.c.a.ClassPathBeanDefinitionScanner [ClassPathScanningCandidateComponentProvider.java:435] 
Identified candidate component class: file [E:\Moshina_DIR\Projects\GrandStores_New\GrandStoreAPI_17Nov\GrandStoreAPI_17Nov\target\classes\com\mobile\integration\grandstores\BinTransfer\BinTransferController\BinTransferCO.class]
2024-06-02 20:09:19,668 DEBUG [main] o.s.c.a.ClassPathBeanDefinitionScanner [ClassPathScanningCandidateComponentProvider.java:435] 
Identified candidate component class: file [E:\Moshina_DIR\Projects\GrandStores_New\GrandStoreAPI_17Nov\GrandStoreAPI_17Nov\target\classes\com\mobile\integration\grandstores\BinTransfer\BinTransferService\BinTransferSO.class]
2024-06-02 20:09:19,690 DEBUG [main] o.s.c.a.ClassPathBeanDefinitionScanner [ClassPathScanningCandidateComponentProvider.java:435] 
Identified candidate component class: file [E:\Moshina_DIR\Projects\GrandStores_New\GrandStoreAPI_17Nov\GrandStoreAPI_17Nov\target\classes\com\mobile\integration\grandstores\BinTransferTrack\BinTransferTrackController\BinTransferTrackHdrCO.class]
2024-06-02 20:09:19,722 DEBUG [main] o.s.c.a.ClassPathBeanDefinitionScanner [ClassPathScanningCandidateComponentProvider.java:441] 
Ignored because not a concrete top-level class: file [E:\Moshina_DIR\Projects\GrandStores_New\GrandStoreAPI_17Nov\GrandStoreAPI_17Nov\target\classes\com\mobile\integration\grandstores\BinTransferTrack\BinTransferTrackRepository\BinTransferTrackDropRO.class]
2024-06-02 20:09:19,730 DEBUG [main] o.s.c.a.ClassPathBeanDefinitionScanner [ClassPathScanningCandidateComponentProvider.java:441] 
Ignored because not a concrete top-level class: file [E:\Moshina_DIR\Projects\GrandStores_New\GrandStoreAPI_17Nov\GrandStoreAPI_17Nov\target\classes\com\mobile\integration\grandstores\BinTransferTrack\BinTransferTrackRepository\BinTransferTrackHdrRO.class]
2024-06-02 20:09:19,736 DEBUG [main] o.s.c.a.ClassPathBeanDefinitionScanner [ClassPathScanningCandidateComponentProvider.java:441] 
Ignored because not a concrete top-level class: file [E:\Moshina_DIR\Projects\GrandStores_New\GrandStoreAPI_17Nov\GrandStoreAPI_17Nov\target\classes\com\mobile\integration\grandstores\BinTransferTrack\BinTransferTrackRepository\BinTransferTrackPickRO.class]
2024-06-02 20:09:19,743 DEBUG [main] o.s.c.a.ClassPathBeanDefinitionScanner [ClassPathScanningCandidateComponentProvider.java:435] 
Identified candidate component class: file [E:\Moshina_DIR\Projects\GrandStores_New\GrandStoreAPI_17Nov\GrandStoreAPI_17Nov\target\classes\com\mobile\integration\grandstores\BinTransferTrack\BinTransferTrackService\BinTransferService.class]
2024-06-02 20:09:19,750 DEBUG [main] o.s.c.a.ClassPathBeanDefinitionScanner [ClassPathScanningCandidateComponentProvider.java:435] 
Identified candidate component class: file [E:\Moshina_DIR\Projects\GrandStores_New\GrandStoreAPI_17Nov\GrandStoreAPI_17Nov\target\classes\com\mobile\integration\grandstores\BinTransferTrack\BinTransferTrackService\BinTransferTrackDropSO.class]
2024-06-02 20:09:19,759 DEBUG [main] o.s.c.a.ClassPathBeanDefinitionScanner [ClassPathScanningCandidateComponentProvider.java:435] 
Identified candidate component class: file [E:\Moshina_DIR\Projects\GrandStores_New\GrandStoreAPI_17Nov\GrandStoreAPI_17Nov\target\classes\com\mobile\integration\grandstores\BinTransferTrack\BinTransferTrackService\BinTransferTrackHdrSO.class]
2024-06-02 20:09:19,769 DEBUG [main] o.s.c.a.ClassPathBeanDefinitionScanner [ClassPathScanningCandidateComponentProvider.java:435] 
Identified candidate component class: file [E:\Moshina_DIR\Projects\GrandStores_New\GrandStoreAPI_17Nov\GrandStoreAPI_17Nov\target\classes\com\mobile\integration\grandstores\BinTransferTrack\BinTransferTrackService\BinTransferTrackPickSO.class]
2024-06-02 20:09:19,776 DEBUG [main] o.s.c.a.ClassPathBeanDefinitionScanner [ClassPathScanningCandidateComponentProvider.java:435] 
Identified candidate component class: file [E:\Moshina_DIR\Projects\GrandStores_New\GrandStoreAPI_17Nov\GrandStoreAPI_17Nov\target\classes\com\mobile\integration\grandstores\BinTransferTrack\BinTransferTrackService\QuickDropSO.class]
2024-06-02 20:09:19,784 DEBUG [main] o.s.c.a.ClassPathBeanDefinitionScanner [ClassPathScanningCandidateComponentProvider.java:435] 
Identified candidate component class: file [E:\Moshina_DIR\Projects\GrandStores_New\GrandStoreAPI_17Nov\GrandStoreAPI_17Nov\target\classes\com\mobile\integration\grandstores\Controller\AuthenticationCO.class]
2024-06-02 20:09:19,792 DEBUG [main] o.s.c.a.ClassPathBeanDefinitionScanner [ClassPathScanningCandidateComponentProvider.java:435] 
Identified candidate component class: file [E:\Moshina_DIR\Projects\GrandStores_New\GrandStoreAPI_17Nov\GrandStoreAPI_17Nov\target\classes\com\mobile\integration\grandstores\Controller\PODetailCO.class]
2024-06-02 20:09:19,797 DEBUG [main] o.s.c.a.ClassPathBeanDefinitionScanner [ClassPathScanningCandidateComponentProvider.java:435] 
Identified candidate component class: file [E:\Moshina_DIR\Projects\GrandStores_New\GrandStoreAPI_17Nov\GrandStoreAPI_17Nov\target\classes\com\mobile\integration\grandstores\Controller\POLotDetailCO.class]
2024-06-02 20:09:19,804 DEBUG [main] o.s.c.a.ClassPathBeanDefinitionScanner [ClassPathScanningCandidateComponentProvider.java:435] 
Identified candidate component class: file [E:\Moshina_DIR\Projects\GrandStores_New\GrandStoreAPI_17Nov\GrandStoreAPI_17Nov\target\classes\com\mobile\integration\grandstores\Controller\PiCountDetailCO.class]
2024-06-02 20:09:19,809 DEBUG [main] o.s.c.a.ClassPathBeanDefinitionScanner [ClassPathScanningCandidateComponentProvider.java:435] 
Identified candidate component class: file [E:\Moshina_DIR\Projects\GrandStores_New\GrandStoreAPI_17Nov\GrandStoreAPI_17Nov\target\classes\com\mobile\integration\grandstores\Controller\PiLotDetailsCO.class]
2024-06-02 20:09:19,819 DEBUG [main] o.s.c.a.ClassPathBeanDefinitionScanner [ClassPathScanningCandidateComponentProvider.java:435] 
Identified candidate component class: file [E:\Moshina_DIR\Projects\GrandStores_New\GrandStoreAPI_17Nov\GrandStoreAPI_17Nov\target\classes\com\mobile\integration\grandstores\Controller\PoConfirmationCO.class]
2024-06-02 20:09:19,825 DEBUG [main] o.s.c.a.ClassPathBeanDefinitionScanner [ClassPathScanningCandidateComponentProvider.java:435] 
Identified candidate component class: file [E:\Moshina_DIR\Projects\GrandStores_New\GrandStoreAPI_17Nov\GrandStoreAPI_17Nov\target\classes\com\mobile\integration\grandstores\Controller\ProformaInvoiceCO.class]
2024-06-02 20:09:19,836 DEBUG [main] o.s.c.a.ClassPathBeanDefinitionScanner [ClassPathScanningCandidateComponentProvider.java:435] 
Identified candidate component class: file [E:\Moshina_DIR\Projects\GrandStores_New\GrandStoreAPI_17Nov\GrandStoreAPI_17Nov\target\classes\com\mobile\integration\grandstores\Controller\UpdatePasswordCO.class]
2024-06-02 20:09:19,845 DEBUG [main] o.s.c.a.ClassPathBeanDefinitionScanner [ClassPathScanningCandidateComponentProvider.java:435] 
Identified candidate component class: file [E:\Moshina_DIR\Projects\GrandStores_New\GrandStoreAPI_17Nov\GrandStoreAPI_17Nov\target\classes\com\mobile\integration\grandstores\DeliveryApps\DeliveryAppsCO\DeliveryAppsCO.class]
2024-06-02 20:09:19,857 DEBUG [main] o.s.c.a.ClassPathBeanDefinitionScanner [ClassPathScanningCandidateComponentProvider.java:435] 
Identified candidate component class: file [E:\Moshina_DIR\Projects\GrandStores_New\GrandStoreAPI_17Nov\GrandStoreAPI_17Nov\target\classes\com\mobile\integration\grandstores\DeliveryApps\DeliveryAppsSO\DeliveryAppsSO.class]
2024-06-02 20:09:19,867 DEBUG [main] o.s.c.a.ClassPathBeanDefinitionScanner [ClassPathScanningCandidateComponentProvider.java:435] 
Identified candidate component class: file [E:\Moshina_DIR\Projects\GrandStores_New\GrandStoreAPI_17Nov\GrandStoreAPI_17Nov\target\classes\com\mobile\integration\grandstores\DeliveryConfirmation\DeliveryConfirmControl\DeliveryConfirmCO.class]
2024-06-02 20:09:19,878 DEBUG [main] o.s.c.a.ClassPathBeanDefinitionScanner [ClassPathScanningCandidateComponentProvider.java:435] 
Identified candidate component class: file [E:\Moshina_DIR\Projects\GrandStores_New\GrandStoreAPI_17Nov\GrandStoreAPI_17Nov\target\classes\com\mobile\integration\grandstores\DeliveryConfirmation\DeliveryConfirmService\DeliveryConfirmSO.class]
2024-06-02 20:09:19,951 DEBUG [main] o.s.c.a.ClassPathBeanDefinitionScanner [ClassPathScanningCandidateComponentProvider.java:435] 
Identified candidate component class: file [E:\Moshina_DIR\Projects\GrandStores_New\GrandStoreAPI_17Nov\GrandStoreAPI_17Nov\target\classes\com\mobile\integration\grandstores\ExceptionHandler\GlobalExceptionHandler.class]
2024-06-02 20:09:19,994 DEBUG [main] o.s.c.a.ClassPathBeanDefinitionScanner [ClassPathScanningCandidateComponentProvider.java:435] 
Identified candidate component class: file [E:\Moshina_DIR\Projects\GrandStores_New\GrandStoreAPI_17Nov\GrandStoreAPI_17Nov\target\classes\com\mobile\integration\grandstores\GSBinLocation\GSController\BinsTransferCO.class]
2024-06-02 20:09:20,002 DEBUG [main] o.s.c.a.ClassPathBeanDefinitionScanner [ClassPathScanningCandidateComponentProvider.java:435] 
Identified candidate component class: file [E:\Moshina_DIR\Projects\GrandStores_New\GrandStoreAPI_17Nov\GrandStoreAPI_17Nov\target\classes\com\mobile\integration\grandstores\GSBinLocation\GSController\GSLocationCO.class]
2024-06-02 20:09:20,031 DEBUG [main] o.s.c.a.ClassPathBeanDefinitionScanner [ClassPathScanningCandidateComponentProvider.java:435] 
Identified candidate component class: file [E:\Moshina_DIR\Projects\GrandStores_New\GrandStoreAPI_17Nov\GrandStoreAPI_17Nov\target\classes\com\mobile\integration\grandstores\GSBinLocation\GSController\LocationMappingCO.class]
2024-06-02 20:09:20,041 DEBUG [main] o.s.c.a.ClassPathBeanDefinitionScanner [ClassPathScanningCandidateComponentProvider.java:435] 
Identified candidate component class: file [E:\Moshina_DIR\Projects\GrandStores_New\GrandStoreAPI_17Nov\GrandStoreAPI_17Nov\target\classes\com\mobile\integration\grandstores\GSBinLocation\GSController\SpotCheckCO.class]
2024-06-02 20:09:20,057 DEBUG [main] o.s.c.a.ClassPathBeanDefinitionScanner [ClassPathScanningCandidateComponentProvider.java:441] 
Ignored because not a concrete top-level class: file [E:\Moshina_DIR\Projects\GrandStores_New\GrandStoreAPI_17Nov\GrandStoreAPI_17Nov\target\classes\com\mobile\integration\grandstores\GSBinLocation\GSRepository\BinsTransferRO.class]
2024-06-02 20:09:20,080 DEBUG [main] o.s.c.a.ClassPathBeanDefinitionScanner [ClassPathScanningCandidateComponentProvider.java:441] 
Ignored because not a concrete top-level class: file [E:\Moshina_DIR\Projects\GrandStores_New\GrandStoreAPI_17Nov\GrandStoreAPI_17Nov\target\classes\com\mobile\integration\grandstores\GSBinLocation\GSRepository\LocationMappingRO.class]
2024-06-02 20:09:20,197 DEBUG [main] o.s.c.a.ClassPathBeanDefinitionScanner [ClassPathScanningCandidateComponentProvider.java:441] 
Ignored because not a concrete top-level class: file [E:\Moshina_DIR\Projects\GrandStores_New\GrandStoreAPI_17Nov\GrandStoreAPI_17Nov\target\classes\com\mobile\integration\grandstores\GSBinLocation\GSRepository\SpotCheckRO.class]
2024-06-02 20:09:20,206 DEBUG [main] o.s.c.a.ClassPathBeanDefinitionScanner [ClassPathScanningCandidateComponentProvider.java:435] 
Identified candidate component class: file [E:\Moshina_DIR\Projects\GrandStores_New\GrandStoreAPI_17Nov\GrandStoreAPI_17Nov\target\classes\com\mobile\integration\grandstores\GSBinLocation\GSService\BinsTransferSO.class]
2024-06-02 20:09:20,213 DEBUG [main] o.s.c.a.ClassPathBeanDefinitionScanner [ClassPathScanningCandidateComponentProvider.java:435] 
Identified candidate component class: file [E:\Moshina_DIR\Projects\GrandStores_New\GrandStoreAPI_17Nov\GrandStoreAPI_17Nov\target\classes\com\mobile\integration\grandstores\GSBinLocation\GSService\GSLocationSO.class]
2024-06-02 20:09:20,220 DEBUG [main] o.s.c.a.ClassPathBeanDefinitionScanner [ClassPathScanningCandidateComponentProvider.java:435] 
Identified candidate component class: file [E:\Moshina_DIR\Projects\GrandStores_New\GrandStoreAPI_17Nov\GrandStoreAPI_17Nov\target\classes\com\mobile\integration\grandstores\GSBinLocation\GSService\LocationMappingSO.class]
2024-06-02 20:09:20,237 DEBUG [main] o.s.c.a.ClassPathBeanDefinitionScanner [ClassPathScanningCandidateComponentProvider.java:435] 
Identified candidate component class: file [E:\Moshina_DIR\Projects\GrandStores_New\GrandStoreAPI_17Nov\GrandStoreAPI_17Nov\target\classes\com\mobile\integration\grandstores\GSBinLocation\GSService\SpotCheckSO.class]
2024-06-02 20:09:20,257 DEBUG [main] o.s.c.a.ClassPathBeanDefinitionScanner [ClassPathScanningCandidateComponentProvider.java:441] 
Ignored because not a concrete top-level class: file [E:\Moshina_DIR\Projects\GrandStores_New\GrandStoreAPI_17Nov\GrandStoreAPI_17Nov\target\classes\com\mobile\integration\grandstores\IOConLotDtl\IOConLotRepository\IOConLotRO.class]
2024-06-02 20:09:20,263 DEBUG [main] o.s.c.a.ClassPathBeanDefinitionScanner [ClassPathScanningCandidateComponentProvider.java:435] 
Identified candidate component class: file [E:\Moshina_DIR\Projects\GrandStores_New\GrandStoreAPI_17Nov\GrandStoreAPI_17Nov\target\classes\com\mobile\integration\grandstores\IOConLotDtl\IOConLotService\IOConLotSO.class]
2024-06-02 20:09:20,272 DEBUG [main] o.s.c.a.ClassPathBeanDefinitionScanner [ClassPathScanningCandidateComponentProvider.java:435] 
Identified candidate component class: file [E:\Moshina_DIR\Projects\GrandStores_New\GrandStoreAPI_17Nov\GrandStoreAPI_17Nov\target\classes\com\mobile\integration\grandstores\IODelivery\IODelController\IODeliveryCO.class]
2024-06-02 20:09:20,277 DEBUG [main] o.s.c.a.ClassPathBeanDefinitionScanner [ClassPathScanningCandidateComponentProvider.java:435] 
Identified candidate component class: file [E:\Moshina_DIR\Projects\GrandStores_New\GrandStoreAPI_17Nov\GrandStoreAPI_17Nov\target\classes\com\mobile\integration\grandstores\IODelivery\IODelService\IODeliverySO.class]
2024-06-02 20:09:20,283 DEBUG [main] o.s.c.a.ClassPathBeanDefinitionScanner [ClassPathScanningCandidateComponentProvider.java:435] 
Identified candidate component class: file [E:\Moshina_DIR\Projects\GrandStores_New\GrandStoreAPI_17Nov\GrandStoreAPI_17Nov\target\classes\com\mobile\integration\grandstores\IOReceipt\IORecController\IOReceiptCO.class]
2024-06-02 20:09:20,288 DEBUG [main] o.s.c.a.ClassPathBeanDefinitionScanner [ClassPathScanningCandidateComponentProvider.java:435] 
Identified candidate component class: file [E:\Moshina_DIR\Projects\GrandStores_New\GrandStoreAPI_17Nov\GrandStoreAPI_17Nov\target\classes\com\mobile\integration\grandstores\IOReceipt\IORecService\IOReceiptSO.class]
2024-06-02 20:09:20,294 DEBUG [main] o.s.c.a.ClassPathBeanDefinitionScanner [ClassPathScanningCandidateComponentProvider.java:435] 
Identified candidate component class: file [E:\Moshina_DIR\Projects\GrandStores_New\GrandStoreAPI_17Nov\GrandStoreAPI_17Nov\target\classes\com\mobile\integration\grandstores\IOReceiptConfirm\IOReceiptConfirmController\IOReceiptConfirmCO.class]
2024-06-02 20:09:20,309 DEBUG [main] o.s.c.a.ClassPathBeanDefinitionScanner [ClassPathScanningCandidateComponentProvider.java:441] 
Ignored because not a concrete top-level class: file [E:\Moshina_DIR\Projects\GrandStores_New\GrandStoreAPI_17Nov\GrandStoreAPI_17Nov\target\classes\com\mobile\integration\grandstores\IOReceiptConfirm\IOReceiptConfirmRepository\IOReceiptConfirmRO.class]
2024-06-02 20:09:20,316 DEBUG [main] o.s.c.a.ClassPathBeanDefinitionScanner [ClassPathScanningCandidateComponentProvider.java:435] 
Identified candidate component class: file [E:\Moshina_DIR\Projects\GrandStores_New\GrandStoreAPI_17Nov\GrandStoreAPI_17Nov\target\classes\com\mobile\integration\grandstores\IOReceiptConfirm\IOReceiptConfirmService\IOReceiptConfirmSO.class]
2024-06-02 20:09:20,322 DEBUG [main] o.s.c.a.ClassPathBeanDefinitionScanner [ClassPathScanningCandidateComponentProvider.java:435] 
Identified candidate component class: file [E:\Moshina_DIR\Projects\GrandStores_New\GrandStoreAPI_17Nov\GrandStoreAPI_17Nov\target\classes\com\mobile\integration\grandstores\IPDetails\IPController\IPController.class]
2024-06-02 20:09:20,333 DEBUG [main] o.s.c.a.ClassPathBeanDefinitionScanner [ClassPathScanningCandidateComponentProvider.java:441] 
Ignored because not a concrete top-level class: file [E:\Moshina_DIR\Projects\GrandStores_New\GrandStoreAPI_17Nov\GrandStoreAPI_17Nov\target\classes\com\mobile\integration\grandstores\IPDetails\IPRepository\IPRepo.class]
2024-06-02 20:09:20,339 DEBUG [main] o.s.c.a.ClassPathBeanDefinitionScanner [ClassPathScanningCandidateComponentProvider.java:435] 
Identified candidate component class: file [E:\Moshina_DIR\Projects\GrandStores_New\GrandStoreAPI_17Nov\GrandStoreAPI_17Nov\target\classes\com\mobile\integration\grandstores\IPDetails\IPService\IPService.class]
2024-06-02 20:09:20,345 DEBUG [main] o.s.c.a.ClassPathBeanDefinitionScanner [ClassPathScanningCandidateComponentProvider.java:441] 
Ignored because not a concrete top-level class: file [E:\Moshina_DIR\Projects\GrandStores_New\GrandStoreAPI_17Nov\GrandStoreAPI_17Nov\target\classes\com\mobile\integration\grandstores\InvCountConfirm\InvCountConfirmRepository\InvCountConfirmRO.class]
2024-06-02 20:09:20,352 DEBUG [main] o.s.c.a.ClassPathBeanDefinitionScanner [ClassPathScanningCandidateComponentProvider.java:435] 
Identified candidate component class: file [E:\Moshina_DIR\Projects\GrandStores_New\GrandStoreAPI_17Nov\GrandStoreAPI_17Nov\target\classes\com\mobile\integration\grandstores\InvCountConfirm\InvCountConfirmService\InvCountConfirmSO.class]
2024-06-02 20:09:20,379 DEBUG [main] o.s.c.a.ClassPathBeanDefinitionScanner [ClassPathScanningCandidateComponentProvider.java:435] 
Identified candidate component class: file [E:\Moshina_DIR\Projects\GrandStores_New\GrandStoreAPI_17Nov\GrandStoreAPI_17Nov\target\classes\com\mobile\integration\grandstores\Logs\mobTransLog\MobTransLogController.class]
2024-06-02 20:09:20,391 DEBUG [main] o.s.c.a.ClassPathBeanDefinitionScanner [ClassPathScanningCandidateComponentProvider.java:441] 
Ignored because not a concrete top-level class: file [E:\Moshina_DIR\Projects\GrandStores_New\GrandStoreAPI_17Nov\GrandStoreAPI_17Nov\target\classes\com\mobile\integration\grandstores\Logs\mobTransLog\MobTransLogRO.class]
2024-06-02 20:09:20,397 DEBUG [main] o.s.c.a.ClassPathBeanDefinitionScanner [ClassPathScanningCandidateComponentProvider.java:435] 
Identified candidate component class: file [E:\Moshina_DIR\Projects\GrandStores_New\GrandStoreAPI_17Nov\GrandStoreAPI_17Nov\target\classes\com\mobile\integration\grandstores\Logs\mobTransLog\MobTransLogSO.class]
2024-06-02 20:09:20,404 DEBUG [main] o.s.c.a.ClassPathBeanDefinitionScanner [ClassPathScanningCandidateComponentProvider.java:435] 
Identified candidate component class: file [E:\Moshina_DIR\Projects\GrandStores_New\GrandStoreAPI_17Nov\GrandStoreAPI_17Nov\target\classes\com\mobile\integration\grandstores\MoConfirm\MoConfirmController\MoConfirmCO.class]
2024-06-02 20:09:20,420 DEBUG [main] o.s.c.a.ClassPathBeanDefinitionScanner [ClassPathScanningCandidateComponentProvider.java:441] 
Ignored because not a concrete top-level class: file [E:\Moshina_DIR\Projects\GrandStores_New\GrandStoreAPI_17Nov\GrandStoreAPI_17Nov\target\classes\com\mobile\integration\grandstores\MoConfirm\MoConfirmRepository\MoConfirmRO.class]
2024-06-02 20:09:20,427 DEBUG [main] o.s.c.a.ClassPathBeanDefinitionScanner [ClassPathScanningCandidateComponentProvider.java:441] 
Ignored because not a concrete top-level class: file [E:\Moshina_DIR\Projects\GrandStores_New\GrandStoreAPI_17Nov\GrandStoreAPI_17Nov\target\classes\com\mobile\integration\grandstores\MoConfirm\MoConfirmRepository\PickConfirmRO.class]
2024-06-02 20:09:20,434 DEBUG [main] o.s.c.a.ClassPathBeanDefinitionScanner [ClassPathScanningCandidateComponentProvider.java:435] 
Identified candidate component class: file [E:\Moshina_DIR\Projects\GrandStores_New\GrandStoreAPI_17Nov\GrandStoreAPI_17Nov\target\classes\com\mobile\integration\grandstores\MoConfirm\MoConfirmService\MoConfirmSO.class]
2024-06-02 20:09:20,440 DEBUG [main] o.s.c.a.ClassPathBeanDefinitionScanner [ClassPathScanningCandidateComponentProvider.java:435] 
Identified candidate component class: file [E:\Moshina_DIR\Projects\GrandStores_New\GrandStoreAPI_17Nov\GrandStoreAPI_17Nov\target\classes\com\mobile\integration\grandstores\MoConfirm\MoConfirmService\PickConfirmSO.class]
2024-06-02 20:09:20,448 DEBUG [main] o.s.c.a.ClassPathBeanDefinitionScanner [ClassPathScanningCandidateComponentProvider.java:435] 
Identified candidate component class: file [E:\Moshina_DIR\Projects\GrandStores_New\GrandStoreAPI_17Nov\GrandStoreAPI_17Nov\target\classes\com\mobile\integration\grandstores\MoveOrderAPI\MoveOrderController\MoveOrderCO.class]
2024-06-02 20:09:20,454 DEBUG [main] o.s.c.a.ClassPathBeanDefinitionScanner [ClassPathScanningCandidateComponentProvider.java:435] 
Identified candidate component class: file [E:\Moshina_DIR\Projects\GrandStores_New\GrandStoreAPI_17Nov\GrandStoreAPI_17Nov\target\classes\com\mobile\integration\grandstores\MoveOrderAPI\MoveOrderServices\MoveOrderSO.class]
2024-06-02 20:09:20,460 DEBUG [main] o.s.c.a.ClassPathBeanDefinitionScanner [ClassPathScanningCandidateComponentProvider.java:435] 
Identified candidate component class: file [E:\Moshina_DIR\Projects\GrandStores_New\GrandStoreAPI_17Nov\GrandStoreAPI_17Nov\target\classes\com\mobile\integration\grandstores\PODelivery\PODelController\PODeliveryCO.class]
2024-06-02 20:09:20,467 DEBUG [main] o.s.c.a.ClassPathBeanDefinitionScanner [ClassPathScanningCandidateComponentProvider.java:435] 
Identified candidate component class: file [E:\Moshina_DIR\Projects\GrandStores_New\GrandStoreAPI_17Nov\GrandStoreAPI_17Nov\target\classes\com\mobile\integration\grandstores\PODelivery\PODelService\PODeliverySO.class]
2024-06-02 20:09:20,476 DEBUG [main] o.s.c.a.ClassPathBeanDefinitionScanner [ClassPathScanningCandidateComponentProvider.java:435] 
Identified candidate component class: file [E:\Moshina_DIR\Projects\GrandStores_New\GrandStoreAPI_17Nov\GrandStoreAPI_17Nov\target\classes\com\mobile\integration\grandstores\PackageCalling\AuthenticationPackage.class]
2024-06-02 20:09:20,483 DEBUG [main] o.s.c.a.ClassPathBeanDefinitionScanner [ClassPathScanningCandidateComponentProvider.java:435] 
Identified candidate component class: file [E:\Moshina_DIR\Projects\GrandStores_New\GrandStoreAPI_17Nov\GrandStoreAPI_17Nov\target\classes\com\mobile\integration\grandstores\PackageCalling\BinTranferTrackPkg.class]
2024-06-02 20:09:20,493 DEBUG [main] o.s.c.a.ClassPathBeanDefinitionScanner [ClassPathScanningCandidateComponentProvider.java:435] 
Identified candidate component class: file [E:\Moshina_DIR\Projects\GrandStores_New\GrandStoreAPI_17Nov\GrandStoreAPI_17Nov\target\classes\com\mobile\integration\grandstores\PackageCalling\BinTransferPackage.class]
2024-06-02 20:09:20,504 DEBUG [main] o.s.c.a.ClassPathBeanDefinitionScanner [ClassPathScanningCandidateComponentProvider.java:435] 
Identified candidate component class: file [E:\Moshina_DIR\Projects\GrandStores_New\GrandStoreAPI_17Nov\GrandStoreAPI_17Nov\target\classes\com\mobile\integration\grandstores\PackageCalling\BinTransferPkg.class]
2024-06-02 20:09:20,515 DEBUG [main] o.s.c.a.ClassPathBeanDefinitionScanner [ClassPathScanningCandidateComponentProvider.java:435] 
Identified candidate component class: file [E:\Moshina_DIR\Projects\GrandStores_New\GrandStoreAPI_17Nov\GrandStoreAPI_17Nov\target\classes\com\mobile\integration\grandstores\PackageCalling\DeliveryApps.class]
2024-06-02 20:09:20,524 DEBUG [main] o.s.c.a.ClassPathBeanDefinitionScanner [ClassPathScanningCandidateComponentProvider.java:435] 
Identified candidate component class: file [E:\Moshina_DIR\Projects\GrandStores_New\GrandStoreAPI_17Nov\GrandStoreAPI_17Nov\target\classes\com\mobile\integration\grandstores\PackageCalling\IODeliveryConfirmPackage.class]
2024-06-02 20:09:20,536 DEBUG [main] o.s.c.a.ClassPathBeanDefinitionScanner [ClassPathScanningCandidateComponentProvider.java:435] 
Identified candidate component class: file [E:\Moshina_DIR\Projects\GrandStores_New\GrandStoreAPI_17Nov\GrandStoreAPI_17Nov\target\classes\com\mobile\integration\grandstores\PackageCalling\IODeliveryPackage.class]
2024-06-02 20:09:20,550 DEBUG [main] o.s.c.a.ClassPathBeanDefinitionScanner [ClassPathScanningCandidateComponentProvider.java:435] 
Identified candidate component class: file [E:\Moshina_DIR\Projects\GrandStores_New\GrandStoreAPI_17Nov\GrandStoreAPI_17Nov\target\classes\com\mobile\integration\grandstores\PackageCalling\IOReceiptPackage.class]
2024-06-02 20:09:20,563 DEBUG [main] o.s.c.a.ClassPathBeanDefinitionScanner [ClassPathScanningCandidateComponentProvider.java:435] 
Identified candidate component class: file [E:\Moshina_DIR\Projects\GrandStores_New\GrandStoreAPI_17Nov\GrandStoreAPI_17Nov\target\classes\com\mobile\integration\grandstores\PackageCalling\MobileUtilsPK.class]
2024-06-02 20:09:20,585 DEBUG [main] o.s.c.a.ClassPathBeanDefinitionScanner [ClassPathScanningCandidateComponentProvider.java:435] 
Identified candidate component class: file [E:\Moshina_DIR\Projects\GrandStores_New\GrandStoreAPI_17Nov\GrandStoreAPI_17Nov\target\classes\com\mobile\integration\grandstores\PackageCalling\MoveOrderPackage.class]
2024-06-02 20:09:20,594 DEBUG [main] o.s.c.a.ClassPathBeanDefinitionScanner [ClassPathScanningCandidateComponentProvider.java:435] 
Identified candidate component class: file [E:\Moshina_DIR\Projects\GrandStores_New\GrandStoreAPI_17Nov\GrandStoreAPI_17Nov\target\classes\com\mobile\integration\grandstores\PackageCalling\MoveOrderPkg.class]
2024-06-02 20:09:20,611 DEBUG [main] o.s.c.a.ClassPathBeanDefinitionScanner [ClassPathScanningCandidateComponentProvider.java:435] 
Identified candidate component class: file [E:\Moshina_DIR\Projects\GrandStores_New\GrandStoreAPI_17Nov\GrandStoreAPI_17Nov\target\classes\com\mobile\integration\grandstores\PackageCalling\PODeliveryPackage.class]
2024-06-02 20:09:20,617 DEBUG [main] o.s.c.a.ClassPathBeanDefinitionScanner [ClassPathScanningCandidateComponentProvider.java:435] 
Identified candidate component class: file [E:\Moshina_DIR\Projects\GrandStores_New\GrandStoreAPI_17Nov\GrandStoreAPI_17Nov\target\classes\com\mobile\integration\grandstores\PackageCalling\PODetailPK.class]
2024-06-02 20:09:20,623 DEBUG [main] o.s.c.a.ClassPathBeanDefinitionScanner [ClassPathScanningCandidateComponentProvider.java:435] 
Identified candidate component class: file [E:\Moshina_DIR\Projects\GrandStores_New\GrandStoreAPI_17Nov\GrandStoreAPI_17Nov\target\classes\com\mobile\integration\grandstores\PackageCalling\POServicePkg.class]
2024-06-02 20:09:20,638 DEBUG [main] o.s.c.a.ClassPathBeanDefinitionScanner [ClassPathScanningCandidateComponentProvider.java:435] 
Identified candidate component class: file [E:\Moshina_DIR\Projects\GrandStores_New\GrandStoreAPI_17Nov\GrandStoreAPI_17Nov\target\classes\com\mobile\integration\grandstores\PackageCalling\PhysicalCountingPkg.class]
2024-06-02 20:09:20,709 DEBUG [main] o.s.c.a.ClassPathBeanDefinitionScanner [ClassPathScanningCandidateComponentProvider.java:435] 
Identified candidate component class: file [E:\Moshina_DIR\Projects\GrandStores_New\GrandStoreAPI_17Nov\GrandStoreAPI_17Nov\target\classes\com\mobile\integration\grandstores\PackageCalling\PickOrderNumberPkg.class]
2024-06-02 20:09:20,716 DEBUG [main] o.s.c.a.ClassPathBeanDefinitionScanner [ClassPathScanningCandidateComponentProvider.java:435] 
Identified candidate component class: file [E:\Moshina_DIR\Projects\GrandStores_New\GrandStoreAPI_17Nov\GrandStoreAPI_17Nov\target\classes\com\mobile\integration\grandstores\PackageCalling\ProformaInvoicePK.class]
2024-06-02 20:09:20,730 DEBUG [main] o.s.c.a.ClassPathBeanDefinitionScanner [ClassPathScanningCandidateComponentProvider.java:435] 
Identified candidate component class: file [E:\Moshina_DIR\Projects\GrandStores_New\GrandStoreAPI_17Nov\GrandStoreAPI_17Nov\target\classes\com\mobile\integration\grandstores\PackageCalling\RMADeliveryPkg.class]
2024-06-02 20:09:20,761 DEBUG [main] o.s.c.a.ClassPathBeanDefinitionScanner [ClassPathScanningCandidateComponentProvider.java:435] 
Identified candidate component class: file [E:\Moshina_DIR\Projects\GrandStores_New\GrandStoreAPI_17Nov\GrandStoreAPI_17Nov\target\classes\com\mobile\integration\grandstores\PackageCalling\RMAReceiptPkg.class]
2024-06-02 20:09:20,777 DEBUG [main] o.s.c.a.ClassPathBeanDefinitionScanner [ClassPathScanningCandidateComponentProvider.java:435] 
Identified candidate component class: file [E:\Moshina_DIR\Projects\GrandStores_New\GrandStoreAPI_17Nov\GrandStoreAPI_17Nov\target\classes\com\mobile\integration\grandstores\PackageCalling\ReturnToVendorPackage.class]
2024-06-02 20:09:20,789 DEBUG [main] o.s.c.a.ClassPathBeanDefinitionScanner [ClassPathScanningCandidateComponentProvider.java:435] 
Identified candidate component class: file [E:\Moshina_DIR\Projects\GrandStores_New\GrandStoreAPI_17Nov\GrandStoreAPI_17Nov\target\classes\com\mobile\integration\grandstores\PackageCalling\RtvProcessPkg.class]
2024-06-02 20:09:20,829 DEBUG [main] o.s.c.a.ClassPathBeanDefinitionScanner [ClassPathScanningCandidateComponentProvider.java:435] 
Identified candidate component class: file [E:\Moshina_DIR\Projects\GrandStores_New\GrandStoreAPI_17Nov\GrandStoreAPI_17Nov\target\classes\com\mobile\integration\grandstores\PackageCalling\SpotCheckDirectSyncPkg.class]
2024-06-02 20:09:20,865 DEBUG [main] o.s.c.a.ClassPathBeanDefinitionScanner [ClassPathScanningCandidateComponentProvider.java:435] 
Identified candidate component class: file [E:\Moshina_DIR\Projects\GrandStores_New\GrandStoreAPI_17Nov\GrandStoreAPI_17Nov\target\classes\com\mobile\integration\grandstores\PackageCalling\StockUpdate.class]
2024-06-02 20:09:20,874 DEBUG [main] o.s.c.a.ClassPathBeanDefinitionScanner [ClassPathScanningCandidateComponentProvider.java:435] 
Identified candidate component class: file [E:\Moshina_DIR\Projects\GrandStores_New\GrandStoreAPI_17Nov\GrandStoreAPI_17Nov\target\classes\com\mobile\integration\grandstores\PackageCalling\UpdateDescriptionPkg.class]
2024-06-02 20:09:20,883 DEBUG [main] o.s.c.a.ClassPathBeanDefinitionScanner [ClassPathScanningCandidateComponentProvider.java:435] 
Identified candidate component class: file [E:\Moshina_DIR\Projects\GrandStores_New\GrandStoreAPI_17Nov\GrandStoreAPI_17Nov\target\classes\com\mobile\integration\grandstores\PackageCalling\UpdatePackage.class]
2024-06-02 20:09:20,888 DEBUG [main] o.s.c.a.ClassPathBeanDefinitionScanner [ClassPathScanningCandidateComponentProvider.java:435] 
Identified candidate component class: file [E:\Moshina_DIR\Projects\GrandStores_New\GrandStoreAPI_17Nov\GrandStoreAPI_17Nov\target\classes\com\mobile\integration\grandstores\PhysicalCounting\PhysicalCountingController\PhysicalCountingCO.class]
2024-06-02 20:09:20,893 DEBUG [main] o.s.c.a.ClassPathBeanDefinitionScanner [ClassPathScanningCandidateComponentProvider.java:435] 
Identified candidate component class: file [E:\Moshina_DIR\Projects\GrandStores_New\GrandStoreAPI_17Nov\GrandStoreAPI_17Nov\target\classes\com\mobile\integration\grandstores\PhysicalCounting\PhysicalCountingService\PhysicalCountingSO.class]
2024-06-02 20:09:20,899 DEBUG [main] o.s.c.a.ClassPathBeanDefinitionScanner [ClassPathScanningCandidateComponentProvider.java:435] 
Identified candidate component class: file [E:\Moshina_DIR\Projects\GrandStores_New\GrandStoreAPI_17Nov\GrandStoreAPI_17Nov\target\classes\com\mobile\integration\grandstores\PickOrderNumber\PickOrderController\PickOrderNumberCO.class]
2024-06-02 20:09:20,913 DEBUG [main] o.s.c.a.ClassPathBeanDefinitionScanner [ClassPathScanningCandidateComponentProvider.java:435] 
Identified candidate component class: file [E:\Moshina_DIR\Projects\GrandStores_New\GrandStoreAPI_17Nov\GrandStoreAPI_17Nov\target\classes\com\mobile\integration\grandstores\PickOrderNumber\PickOrderService\PickOrderNumberSO.class]
2024-06-02 20:09:20,918 DEBUG [main] o.s.c.a.ClassPathBeanDefinitionScanner [ClassPathScanningCandidateComponentProvider.java:435] 
Identified candidate component class: file [E:\Moshina_DIR\Projects\GrandStores_New\GrandStoreAPI_17Nov\GrandStoreAPI_17Nov\target\classes\com\mobile\integration\grandstores\RMAConfirm\RMAConfirmController\RMAConfirmCO.class]
2024-06-02 20:09:20,926 DEBUG [main] o.s.c.a.ClassPathBeanDefinitionScanner [ClassPathScanningCandidateComponentProvider.java:441] 
Ignored because not a concrete top-level class: file [E:\Moshina_DIR\Projects\GrandStores_New\GrandStoreAPI_17Nov\GrandStoreAPI_17Nov\target\classes\com\mobile\integration\grandstores\RMAConfirm\RMAConfirmRepository\RMAConfirmRO.class]
2024-06-02 20:09:20,931 DEBUG [main] o.s.c.a.ClassPathBeanDefinitionScanner [ClassPathScanningCandidateComponentProvider.java:435] 
Identified candidate component class: file [E:\Moshina_DIR\Projects\GrandStores_New\GrandStoreAPI_17Nov\GrandStoreAPI_17Nov\target\classes\com\mobile\integration\grandstores\RMAConfirm\RMAConfirmService\RMAConfirmSO.class]
2024-06-02 20:09:20,937 DEBUG [main] o.s.c.a.ClassPathBeanDefinitionScanner [ClassPathScanningCandidateComponentProvider.java:435] 
Identified candidate component class: file [E:\Moshina_DIR\Projects\GrandStores_New\GrandStoreAPI_17Nov\GrandStoreAPI_17Nov\target\classes\com\mobile\integration\grandstores\RMAReceipt\RMAReceiptController\RMADeliveryCO.class]
2024-06-02 20:09:20,942 DEBUG [main] o.s.c.a.ClassPathBeanDefinitionScanner [ClassPathScanningCandidateComponentProvider.java:435] 
Identified candidate component class: file [E:\Moshina_DIR\Projects\GrandStores_New\GrandStoreAPI_17Nov\GrandStoreAPI_17Nov\target\classes\com\mobile\integration\grandstores\RMAReceipt\RMAReceiptController\RMAReceiptCO.class]
2024-06-02 20:09:20,948 DEBUG [main] o.s.c.a.ClassPathBeanDefinitionScanner [ClassPathScanningCandidateComponentProvider.java:435] 
Identified candidate component class: file [E:\Moshina_DIR\Projects\GrandStores_New\GrandStoreAPI_17Nov\GrandStoreAPI_17Nov\target\classes\com\mobile\integration\grandstores\RMAReceipt\RMAReceiptService\RMAReceiptSO.class]
2024-06-02 20:09:20,954 DEBUG [main] o.s.c.a.ClassPathBeanDefinitionScanner [ClassPathScanningCandidateComponentProvider.java:435] 
Identified candidate component class: file [E:\Moshina_DIR\Projects\GrandStores_New\GrandStoreAPI_17Nov\GrandStoreAPI_17Nov\target\classes\com\mobile\integration\grandstores\RTVConfirmation\RTVConfirmationController\RTVConfirmationCO.class]
2024-06-02 20:09:20,973 DEBUG [main] o.s.c.a.ClassPathBeanDefinitionScanner [ClassPathScanningCandidateComponentProvider.java:441] 
Ignored because not a concrete top-level class: file [E:\Moshina_DIR\Projects\GrandStores_New\GrandStoreAPI_17Nov\GrandStoreAPI_17Nov\target\classes\com\mobile\integration\grandstores\RTVConfirmation\RTVConfirmationRepository\RTVConfirmationRO.class]
2024-06-02 20:09:20,978 DEBUG [main] o.s.c.a.ClassPathBeanDefinitionScanner [ClassPathScanningCandidateComponentProvider.java:435] 
Identified candidate component class: file [E:\Moshina_DIR\Projects\GrandStores_New\GrandStoreAPI_17Nov\GrandStoreAPI_17Nov\target\classes\com\mobile\integration\grandstores\RTVConfirmation\RTVConfirmationService\RTVConfirmationSO.class]
2024-06-02 20:09:20,984 DEBUG [main] o.s.c.a.ClassPathBeanDefinitionScanner [ClassPathScanningCandidateComponentProvider.java:435] 
Identified candidate component class: file [E:\Moshina_DIR\Projects\GrandStores_New\GrandStoreAPI_17Nov\GrandStoreAPI_17Nov\target\classes\com\mobile\integration\grandstores\RTVProcess\RTVProcessCO\RTVProcessCO.class]
2024-06-02 20:09:20,994 DEBUG [main] o.s.c.a.ClassPathBeanDefinitionScanner [ClassPathScanningCandidateComponentProvider.java:435] 
Identified candidate component class: file [E:\Moshina_DIR\Projects\GrandStores_New\GrandStoreAPI_17Nov\GrandStoreAPI_17Nov\target\classes\com\mobile\integration\grandstores\RTVProcess\RTVProcessSO\RTVProcessSO.class]
2024-06-02 20:09:20,999 DEBUG [main] o.s.c.a.ClassPathBeanDefinitionScanner [ClassPathScanningCandidateComponentProvider.java:441] 
Ignored because not a concrete top-level class: file [E:\Moshina_DIR\Projects\GrandStores_New\GrandStoreAPI_17Nov\GrandStoreAPI_17Nov\target\classes\com\mobile\integration\grandstores\Repository\DocumentNumberRO.class]
2024-06-02 20:09:21,004 DEBUG [main] o.s.c.a.ClassPathBeanDefinitionScanner [ClassPathScanningCandidateComponentProvider.java:441] 
Ignored because not a concrete top-level class: file [E:\Moshina_DIR\Projects\GrandStores_New\GrandStoreAPI_17Nov\GrandStoreAPI_17Nov\target\classes\com\mobile\integration\grandstores\Repository\PIItemDetailRO.class]
2024-06-02 20:09:21,010 DEBUG [main] o.s.c.a.ClassPathBeanDefinitionScanner [ClassPathScanningCandidateComponentProvider.java:441] 
Ignored because not a concrete top-level class: file [E:\Moshina_DIR\Projects\GrandStores_New\GrandStoreAPI_17Nov\GrandStoreAPI_17Nov\target\classes\com\mobile\integration\grandstores\Repository\POLotDetailRO.class]
2024-06-02 20:09:21,047 DEBUG [main] o.s.c.a.ClassPathBeanDefinitionScanner [ClassPathScanningCandidateComponentProvider.java:441] 
Ignored because not a concrete top-level class: file [E:\Moshina_DIR\Projects\GrandStores_New\GrandStoreAPI_17Nov\GrandStoreAPI_17Nov\target\classes\com\mobile\integration\grandstores\Repository\PiCountDetailRO.class]
2024-06-02 20:09:21,054 DEBUG [main] o.s.c.a.ClassPathBeanDefinitionScanner [ClassPathScanningCandidateComponentProvider.java:441] 
Ignored because not a concrete top-level class: file [E:\Moshina_DIR\Projects\GrandStores_New\GrandStoreAPI_17Nov\GrandStoreAPI_17Nov\target\classes\com\mobile\integration\grandstores\Repository\PiItemCrossRefRO.class]
2024-06-02 20:09:21,058 DEBUG [main] o.s.c.a.ClassPathBeanDefinitionScanner [ClassPathScanningCandidateComponentProvider.java:441] 
Ignored because not a concrete top-level class: file [E:\Moshina_DIR\Projects\GrandStores_New\GrandStoreAPI_17Nov\GrandStoreAPI_17Nov\target\classes\com\mobile\integration\grandstores\Repository\PiLotDetailsRO.class]
2024-06-02 20:09:21,064 DEBUG [main] o.s.c.a.ClassPathBeanDefinitionScanner [ClassPathScanningCandidateComponentProvider.java:441] 
Ignored because not a concrete top-level class: file [E:\Moshina_DIR\Projects\GrandStores_New\GrandStoreAPI_17Nov\GrandStoreAPI_17Nov\target\classes\com\mobile\integration\grandstores\Repository\PiNumberRO.class]
2024-06-02 20:09:21,068 DEBUG [main] o.s.c.a.ClassPathBeanDefinitionScanner [ClassPathScanningCandidateComponentProvider.java:441] 
Ignored because not a concrete top-level class: file [E:\Moshina_DIR\Projects\GrandStores_New\GrandStoreAPI_17Nov\GrandStoreAPI_17Nov\target\classes\com\mobile\integration\grandstores\Repository\PiSupplierRO.class]
2024-06-02 20:09:21,072 DEBUG [main] o.s.c.a.ClassPathBeanDefinitionScanner [ClassPathScanningCandidateComponentProvider.java:441] 
Ignored because not a concrete top-level class: file [E:\Moshina_DIR\Projects\GrandStores_New\GrandStoreAPI_17Nov\GrandStoreAPI_17Nov\target\classes\com\mobile\integration\grandstores\Repository\PoConfirmationRO.class]
2024-06-02 20:09:21,077 DEBUG [main] o.s.c.a.ClassPathBeanDefinitionScanner [ClassPathScanningCandidateComponentProvider.java:441] 
Ignored because not a concrete top-level class: file [E:\Moshina_DIR\Projects\GrandStores_New\GrandStoreAPI_17Nov\GrandStoreAPI_17Nov\target\classes\com\mobile\integration\grandstores\Repository\PoItemCrossRefRO.class]
2024-06-02 20:09:21,082 DEBUG [main] o.s.c.a.ClassPathBeanDefinitionScanner [ClassPathScanningCandidateComponentProvider.java:441] 
Ignored because not a concrete top-level class: file [E:\Moshina_DIR\Projects\GrandStores_New\GrandStoreAPI_17Nov\GrandStoreAPI_17Nov\target\classes\com\mobile\integration\grandstores\Repository\PoItemDetailRO.class]
2024-06-02 20:09:21,087 DEBUG [main] o.s.c.a.ClassPathBeanDefinitionScanner [ClassPathScanningCandidateComponentProvider.java:441] 
Ignored because not a concrete top-level class: file [E:\Moshina_DIR\Projects\GrandStores_New\GrandStoreAPI_17Nov\GrandStoreAPI_17Nov\target\classes\com\mobile\integration\grandstores\Repository\PoNumberRO.class]
2024-06-02 20:09:21,095 DEBUG [main] o.s.c.a.ClassPathBeanDefinitionScanner [ClassPathScanningCandidateComponentProvider.java:441] 
Ignored because not a concrete top-level class: file [E:\Moshina_DIR\Projects\GrandStores_New\GrandStoreAPI_17Nov\GrandStoreAPI_17Nov\target\classes\com\mobile\integration\grandstores\Repository\ReleaseNumberRO.class]
2024-06-02 20:09:21,109 DEBUG [main] o.s.c.a.ClassPathBeanDefinitionScanner [ClassPathScanningCandidateComponentProvider.java:441] 
Ignored because not a concrete top-level class: file [E:\Moshina_DIR\Projects\GrandStores_New\GrandStoreAPI_17Nov\GrandStoreAPI_17Nov\target\classes\com\mobile\integration\grandstores\Repository\SearchDetailRO.class]
2024-06-02 20:09:21,115 DEBUG [main] o.s.c.a.ClassPathBeanDefinitionScanner [ClassPathScanningCandidateComponentProvider.java:441] 
Ignored because not a concrete top-level class: file [E:\Moshina_DIR\Projects\GrandStores_New\GrandStoreAPI_17Nov\GrandStoreAPI_17Nov\target\classes\com\mobile\integration\grandstores\Repository\ShipmentRefRO.class]
2024-06-02 20:09:21,122 DEBUG [main] o.s.c.a.ClassPathBeanDefinitionScanner [ClassPathScanningCandidateComponentProvider.java:435] 
Identified candidate component class: file [E:\Moshina_DIR\Projects\GrandStores_New\GrandStoreAPI_17Nov\GrandStoreAPI_17Nov\target\classes\com\mobile\integration\grandstores\ReturnToVendor\ReturntoVendorController\ReturnVendorCO.class]
2024-06-02 20:09:21,127 DEBUG [main] o.s.c.a.ClassPathBeanDefinitionScanner [ClassPathScanningCandidateComponentProvider.java:435] 
Identified candidate component class: file [E:\Moshina_DIR\Projects\GrandStores_New\GrandStoreAPI_17Nov\GrandStoreAPI_17Nov\target\classes\com\mobile\integration\grandstores\ReturnToVendor\ReturntoVendorService\ReturnVendorSO.class]
2024-06-02 20:09:21,152 DEBUG [main] o.s.c.a.ClassPathBeanDefinitionScanner [ClassPathScanningCandidateComponentProvider.java:435] 
Identified candidate component class: file [E:\Moshina_DIR\Projects\GrandStores_New\GrandStoreAPI_17Nov\GrandStoreAPI_17Nov\target\classes\com\mobile\integration\grandstores\Services\AuthenticationSO.class]
2024-06-02 20:09:21,157 DEBUG [main] o.s.c.a.ClassPathBeanDefinitionScanner [ClassPathScanningCandidateComponentProvider.java:435] 
Identified candidate component class: file [E:\Moshina_DIR\Projects\GrandStores_New\GrandStoreAPI_17Nov\GrandStoreAPI_17Nov\target\classes\com\mobile\integration\grandstores\Services\PODetailSO.class]
2024-06-02 20:09:21,162 DEBUG [main] o.s.c.a.ClassPathBeanDefinitionScanner [ClassPathScanningCandidateComponentProvider.java:435] 
Identified candidate component class: file [E:\Moshina_DIR\Projects\GrandStores_New\GrandStoreAPI_17Nov\GrandStoreAPI_17Nov\target\classes\com\mobile\integration\grandstores\Services\POLotDetailSO.class]
2024-06-02 20:09:21,166 DEBUG [main] o.s.c.a.ClassPathBeanDefinitionScanner [ClassPathScanningCandidateComponentProvider.java:435] 
Identified candidate component class: file [E:\Moshina_DIR\Projects\GrandStores_New\GrandStoreAPI_17Nov\GrandStoreAPI_17Nov\target\classes\com\mobile\integration\grandstores\Services\PiCountDetailSO.class]
2024-06-02 20:09:21,177 DEBUG [main] o.s.c.a.ClassPathBeanDefinitionScanner [ClassPathScanningCandidateComponentProvider.java:435] 
Identified candidate component class: file [E:\Moshina_DIR\Projects\GrandStores_New\GrandStoreAPI_17Nov\GrandStoreAPI_17Nov\target\classes\com\mobile\integration\grandstores\Services\PiLotDetailsSO.class]
2024-06-02 20:09:21,192 DEBUG [main] o.s.c.a.ClassPathBeanDefinitionScanner [ClassPathScanningCandidateComponentProvider.java:435] 
Identified candidate component class: file [E:\Moshina_DIR\Projects\GrandStores_New\GrandStoreAPI_17Nov\GrandStoreAPI_17Nov\target\classes\com\mobile\integration\grandstores\Services\PoConfirmationSO.class]
2024-06-02 20:09:21,197 DEBUG [main] o.s.c.a.ClassPathBeanDefinitionScanner [ClassPathScanningCandidateComponentProvider.java:435] 
Identified candidate component class: file [E:\Moshina_DIR\Projects\GrandStores_New\GrandStoreAPI_17Nov\GrandStoreAPI_17Nov\target\classes\com\mobile\integration\grandstores\Services\ProformaInvoiceSO.class]
2024-06-02 20:09:21,201 DEBUG [main] o.s.c.a.ClassPathBeanDefinitionScanner [ClassPathScanningCandidateComponentProvider.java:435] 
Identified candidate component class: file [E:\Moshina_DIR\Projects\GrandStores_New\GrandStoreAPI_17Nov\GrandStoreAPI_17Nov\target\classes\com\mobile\integration\grandstores\Services\UpdatePasswordSO.class]
2024-06-02 20:09:21,208 DEBUG [main] o.s.c.a.ClassPathBeanDefinitionScanner [ClassPathScanningCandidateComponentProvider.java:435] 
Identified candidate component class: file [E:\Moshina_DIR\Projects\GrandStores_New\GrandStoreAPI_17Nov\GrandStoreAPI_17Nov\target\classes\com\mobile\integration\grandstores\SpotCheckDirectSync\SpotCheckDirectSyncCO\SpotCheckDirectSyncCO.class]
2024-06-02 20:09:21,212 DEBUG [main] o.s.c.a.ClassPathBeanDefinitionScanner [ClassPathScanningCandidateComponentProvider.java:435] 
Identified candidate component class: file [E:\Moshina_DIR\Projects\GrandStores_New\GrandStoreAPI_17Nov\GrandStoreAPI_17Nov\target\classes\com\mobile\integration\grandstores\SpotCheckDirectSync\SpotCheckDirectSyncSO\SpotCheckDirectSyncSO.class]
2024-06-02 20:09:21,218 DEBUG [main] o.s.c.a.ClassPathBeanDefinitionScanner [ClassPathScanningCandidateComponentProvider.java:435] 
Identified candidate component class: file [E:\Moshina_DIR\Projects\GrandStores_New\GrandStoreAPI_17Nov\GrandStoreAPI_17Nov\target\classes\com\mobile\integration\grandstores\StockUpdate\StockUpdateCO\StockUpdateCO.class]
2024-06-02 20:09:21,223 DEBUG [main] o.s.c.a.ClassPathBeanDefinitionScanner [ClassPathScanningCandidateComponentProvider.java:435] 
Identified candidate component class: file [E:\Moshina_DIR\Projects\GrandStores_New\GrandStoreAPI_17Nov\GrandStoreAPI_17Nov\target\classes\com\mobile\integration\grandstores\StockUpdate\StockUpdateSO\StockUpdateSO.class]
2024-06-02 20:09:21,228 DEBUG [main] o.s.c.a.ClassPathBeanDefinitionScanner [ClassPathScanningCandidateComponentProvider.java:435] 
Identified candidate component class: file [E:\Moshina_DIR\Projects\GrandStores_New\GrandStoreAPI_17Nov\GrandStoreAPI_17Nov\target\classes\com\mobile\integration\grandstores\UpdateDescription\UpdateDescriptionController\UpdateDescriptionCO.class]
2024-06-02 20:09:21,247 DEBUG [main] o.s.c.a.ClassPathBeanDefinitionScanner [ClassPathScanningCandidateComponentProvider.java:441] 
Ignored because not a concrete top-level class: file [E:\Moshina_DIR\Projects\GrandStores_New\GrandStoreAPI_17Nov\GrandStoreAPI_17Nov\target\classes\com\mobile\integration\grandstores\UpdateDescription\UpdateDescriptionRepo\ItemConfigRO.class]
2024-06-02 20:09:21,253 DEBUG [main] o.s.c.a.ClassPathBeanDefinitionScanner [ClassPathScanningCandidateComponentProvider.java:435] 
Identified candidate component class: file [E:\Moshina_DIR\Projects\GrandStores_New\GrandStoreAPI_17Nov\GrandStoreAPI_17Nov\target\classes\com\mobile\integration\grandstores\UpdateDescription\UpdateDescriptionService\UpdateDescriptionSO.class]
2024-06-02 20:09:21,258 DEBUG [main] o.s.c.a.ClassPathBeanDefinitionScanner [ClassPathScanningCandidateComponentProvider.java:435] 
Identified candidate component class: file [E:\Moshina_DIR\Projects\GrandStores_New\GrandStoreAPI_17Nov\GrandStoreAPI_17Nov\target\classes\com\mobile\integration\grandstores\User\Controller\UserCO.class]
2024-06-02 20:09:21,263 DEBUG [main] o.s.c.a.ClassPathBeanDefinitionScanner [ClassPathScanningCandidateComponentProvider.java:435] 
Identified candidate component class: file [E:\Moshina_DIR\Projects\GrandStores_New\GrandStoreAPI_17Nov\GrandStoreAPI_17Nov\target\classes\com\mobile\integration\grandstores\User\Controller\UserOrgGroupCO.class]
2024-06-02 20:09:21,270 DEBUG [main] o.s.c.a.ClassPathBeanDefinitionScanner [ClassPathScanningCandidateComponentProvider.java:435] 
Identified candidate component class: file [E:\Moshina_DIR\Projects\GrandStores_New\GrandStoreAPI_17Nov\GrandStoreAPI_17Nov\target\classes\com\mobile\integration\grandstores\User\Controller\UserResponsibleGroupCO.class]
2024-06-02 20:09:21,280 DEBUG [main] o.s.c.a.ClassPathBeanDefinitionScanner [ClassPathScanningCandidateComponentProvider.java:441] 
Ignored because not a concrete top-level class: file [E:\Moshina_DIR\Projects\GrandStores_New\GrandStoreAPI_17Nov\GrandStoreAPI_17Nov\target\classes\com\mobile\integration\grandstores\User\Repository\UserOrgGroupRO.class]
2024-06-02 20:09:21,286 DEBUG [main] o.s.c.a.ClassPathBeanDefinitionScanner [ClassPathScanningCandidateComponentProvider.java:441] 
Ignored because not a concrete top-level class: file [E:\Moshina_DIR\Projects\GrandStores_New\GrandStoreAPI_17Nov\GrandStoreAPI_17Nov\target\classes\com\mobile\integration\grandstores\User\Repository\UserRO.class]
2024-06-02 20:09:21,290 DEBUG [main] o.s.c.a.ClassPathBeanDefinitionScanner [ClassPathScanningCandidateComponentProvider.java:441] 
Ignored because not a concrete top-level class: file [E:\Moshina_DIR\Projects\GrandStores_New\GrandStoreAPI_17Nov\GrandStoreAPI_17Nov\target\classes\com\mobile\integration\grandstores\User\Repository\UserResponsibleGroupRO.class]
2024-06-02 20:09:21,297 DEBUG [main] o.s.c.a.ClassPathBeanDefinitionScanner [ClassPathScanningCandidateComponentProvider.java:435] 
Identified candidate component class: file [E:\Moshina_DIR\Projects\GrandStores_New\GrandStoreAPI_17Nov\GrandStoreAPI_17Nov\target\classes\com\mobile\integration\grandstores\User\Services\UserOrgGroupSO.class]
2024-06-02 20:09:21,302 DEBUG [main] o.s.c.a.ClassPathBeanDefinitionScanner [ClassPathScanningCandidateComponentProvider.java:435] 
Identified candidate component class: file [E:\Moshina_DIR\Projects\GrandStores_New\GrandStoreAPI_17Nov\GrandStoreAPI_17Nov\target\classes\com\mobile\integration\grandstores\User\Services\UserResponsibleGroupSO.class]
2024-06-02 20:09:21,307 DEBUG [main] o.s.c.a.ClassPathBeanDefinitionScanner [ClassPathScanningCandidateComponentProvider.java:435] 
Identified candidate component class: file [E:\Moshina_DIR\Projects\GrandStores_New\GrandStoreAPI_17Nov\GrandStoreAPI_17Nov\target\classes\com\mobile\integration\grandstores\User\Services\UserSO.class]
2024-06-02 20:09:21,311 DEBUG [main] o.s.c.a.ClassPathBeanDefinitionScanner [ClassPathScanningCandidateComponentProvider.java:435] 
Identified candidate component class: file [E:\Moshina_DIR\Projects\GrandStores_New\GrandStoreAPI_17Nov\GrandStoreAPI_17Nov\target\classes\com\mobile\integration\grandstores\Utils\Generic\DateUtils.class]
2024-06-02 20:09:21,316 DEBUG [main] o.s.c.a.ClassPathBeanDefinitionScanner [ClassPathScanningCandidateComponentProvider.java:435] 
Identified candidate component class: file [E:\Moshina_DIR\Projects\GrandStores_New\GrandStoreAPI_17Nov\GrandStoreAPI_17Nov\target\classes\com\mobile\integration\grandstores\Utils\JsonUtils\JsonUtils.class]
2024-06-02 20:09:21,321 DEBUG [main] o.s.c.a.ClassPathBeanDefinitionScanner [ClassPathScanningCandidateComponentProvider.java:435] 
Identified candidate component class: file [E:\Moshina_DIR\Projects\GrandStores_New\GrandStoreAPI_17Nov\GrandStoreAPI_17Nov\target\classes\com\mobile\integration\grandstores\Utils\JwtWebSecure\JwtRequestFilter.class]
2024-06-02 20:09:21,326 DEBUG [main] o.s.c.a.ClassPathBeanDefinitionScanner [ClassPathScanningCandidateComponentProvider.java:435] 
Identified candidate component class: file [E:\Moshina_DIR\Projects\GrandStores_New\GrandStoreAPI_17Nov\GrandStoreAPI_17Nov\target\classes\com\mobile\integration\grandstores\Utils\JwtWebSecure\JwtUtil.class]
2024-06-02 20:09:21,331 DEBUG [main] o.s.c.a.ClassPathBeanDefinitionScanner [ClassPathScanningCandidateComponentProvider.java:435] 
Identified candidate component class: file [E:\Moshina_DIR\Projects\GrandStores_New\GrandStoreAPI_17Nov\GrandStoreAPI_17Nov\target\classes\com\mobile\integration\grandstores\Utils\JwtWebSecure\MyUserDetailsService.class]
2024-06-02 20:09:21,360 DEBUG [main] o.s.c.a.ClassPathBeanDefinitionScanner [ClassPathScanningCandidateComponentProvider.java:435] 
Identified candidate component class: file [E:\Moshina_DIR\Projects\GrandStores_New\GrandStoreAPI_17Nov\GrandStoreAPI_17Nov\target\classes\com\mobile\integration\grandstores\Utils\JwtWebSecure\WebSecurityConfig.class]
2024-06-02 20:09:21,366 DEBUG [main] o.s.c.a.ClassPathBeanDefinitionScanner [ClassPathScanningCandidateComponentProvider.java:435] 
Identified candidate component class: file [E:\Moshina_DIR\Projects\GrandStores_New\GrandStoreAPI_17Nov\GrandStoreAPI_17Nov\target\classes\com\mobile\integration\grandstores\Utils\OracleDBUtils\OracleDBConfig.class]
2024-06-02 20:09:21,380 DEBUG [main] o.s.c.a.ClassPathBeanDefinitionScanner [ClassPathScanningCandidateComponentProvider.java:435] 
Identified candidate component class: file [E:\Moshina_DIR\Projects\GrandStores_New\GrandStoreAPI_17Nov\GrandStoreAPI_17Nov\target\classes\com\mobile\integration\grandstores\Utils\Swagger\SwaggerConfiguration.class]
2024-06-02 20:09:22,206 DEBUG [main] o.s.c.a.ClassPathBeanDefinitionScanner [ClassPathScanningCandidateComponentProvider.java:435] 
Identified candidate component class: URL [jar:file:/C:/Users/Moshina/.m2/repository/io/springfox/springfox-swagger2/2.6.1/springfox-swagger2-2.6.1.jar!/springfox/documentation/swagger2/web/Swagger2Controller.class]
2024-06-02 20:09:22,252 DEBUG [main] o.s.c.a.ClassPathBeanDefinitionScanner [ClassPathScanningCandidateComponentProvider.java:435] 
Identified candidate component class: URL [jar:file:/C:/Users/Moshina/.m2/repository/io/springfox/springfox-swagger2/2.6.1/springfox-swagger2-2.6.1.jar!/springfox/documentation/swagger2/mappers/LicenseMapperImpl.class]
2024-06-02 20:09:22,292 DEBUG [main] o.s.c.a.ClassPathBeanDefinitionScanner [ClassPathScanningCandidateComponentProvider.java:435] 
Identified candidate component class: URL [jar:file:/C:/Users/Moshina/.m2/repository/io/springfox/springfox-swagger2/2.6.1/springfox-swagger2-2.6.1.jar!/springfox/documentation/swagger2/mappers/ModelMapperImpl.class]
2024-06-02 20:09:22,319 DEBUG [main] o.s.c.a.ClassPathBeanDefinitionScanner [ClassPathScanningCandidateComponentProvider.java:435] 
Identified candidate component class: URL [jar:file:/C:/Users/Moshina/.m2/repository/io/springfox/springfox-swagger2/2.6.1/springfox-swagger2-2.6.1.jar!/springfox/documentation/swagger2/mappers/ParameterMapperImpl.class]
2024-06-02 20:09:22,369 DEBUG [main] o.s.c.a.ClassPathBeanDefinitionScanner [ClassPathScanningCandidateComponentProvider.java:435] 
Identified candidate component class: URL [jar:file:/C:/Users/Moshina/.m2/repository/io/springfox/springfox-swagger2/2.6.1/springfox-swagger2-2.6.1.jar!/springfox/documentation/swagger2/mappers/SecurityMapperImpl.class]
2024-06-02 20:09:22,445 DEBUG [main] o.s.c.a.ClassPathBeanDefinitionScanner [ClassPathScanningCandidateComponentProvider.java:435] 
Identified candidate component class: URL [jar:file:/C:/Users/Moshina/.m2/repository/io/springfox/springfox-swagger2/2.6.1/springfox-swagger2-2.6.1.jar!/springfox/documentation/swagger2/mappers/ServiceModelToSwagger2MapperImpl.class]
2024-06-02 20:09:22,463 DEBUG [main] o.s.c.a.ClassPathBeanDefinitionScanner [ClassPathScanningCandidateComponentProvider.java:435] 
Identified candidate component class: URL [jar:file:/C:/Users/Moshina/.m2/repository/io/springfox/springfox-swagger2/2.6.1/springfox-swagger2-2.6.1.jar!/springfox/documentation/swagger2/mappers/VendorExtensionsMapperImpl.class]
2024-06-02 20:09:22,556 DEBUG [main] o.s.c.a.ClassPathBeanDefinitionScanner [ClassPathScanningCandidateComponentProvider.java:435] 
Identified candidate component class: URL [jar:file:/C:/Users/Moshina/.m2/repository/io/springfox/springfox-spring-web/2.6.1/springfox-spring-web-2.6.1.jar!/springfox/documentation/spring/web/scanners/ApiDescriptionLookup.class]
2024-06-02 20:09:22,565 DEBUG [main] o.s.c.a.ClassPathBeanDefinitionScanner [ClassPathScanningCandidateComponentProvider.java:435] 
Identified candidate component class: URL [jar:file:/C:/Users/Moshina/.m2/repository/io/springfox/springfox-spring-web/2.6.1/springfox-spring-web-2.6.1.jar!/springfox/documentation/spring/web/scanners/ApiDescriptionReader.class]
2024-06-02 20:09:22,602 DEBUG [main] o.s.c.a.ClassPathBeanDefinitionScanner [ClassPathScanningCandidateComponentProvider.java:435] 
Identified candidate component class: URL [jar:file:/C:/Users/Moshina/.m2/repository/io/springfox/springfox-spring-web/2.6.1/springfox-spring-web-2.6.1.jar!/springfox/documentation/spring/web/scanners/ApiDocumentationScanner.class]
2024-06-02 20:09:22,612 DEBUG [main] o.s.c.a.ClassPathBeanDefinitionScanner [ClassPathScanningCandidateComponentProvider.java:435] 
Identified candidate component class: URL [jar:file:/C:/Users/Moshina/.m2/repository/io/springfox/springfox-spring-web/2.6.1/springfox-spring-web-2.6.1.jar!/springfox/documentation/spring/web/scanners/ApiListingReader.class]
2024-06-02 20:09:22,636 DEBUG [main] o.s.c.a.ClassPathBeanDefinitionScanner [ClassPathScanningCandidateComponentProvider.java:435] 
Identified candidate component class: URL [jar:file:/C:/Users/Moshina/.m2/repository/io/springfox/springfox-spring-web/2.6.1/springfox-spring-web-2.6.1.jar!/springfox/documentation/spring/web/scanners/ApiListingReferenceScanner.class]
2024-06-02 20:09:22,668 DEBUG [main] o.s.c.a.ClassPathBeanDefinitionScanner [ClassPathScanningCandidateComponentProvider.java:435] 
Identified candidate component class: URL [jar:file:/C:/Users/Moshina/.m2/repository/io/springfox/springfox-spring-web/2.6.1/springfox-spring-web-2.6.1.jar!/springfox/documentation/spring/web/scanners/ApiListingScanner.class]
2024-06-02 20:09:22,690 DEBUG [main] o.s.c.a.ClassPathBeanDefinitionScanner [ClassPathScanningCandidateComponentProvider.java:435] 
Identified candidate component class: URL [jar:file:/C:/Users/Moshina/.m2/repository/io/springfox/springfox-spring-web/2.6.1/springfox-spring-web-2.6.1.jar!/springfox/documentation/spring/web/scanners/ApiModelReader.class]
2024-06-02 20:09:22,708 DEBUG [main] o.s.c.a.ClassPathBeanDefinitionScanner [ClassPathScanningCandidateComponentProvider.java:435] 
Identified candidate component class: URL [jar:file:/C:/Users/Moshina/.m2/repository/io/springfox/springfox-spring-web/2.6.1/springfox-spring-web-2.6.1.jar!/springfox/documentation/spring/web/scanners/CachingOperationReader.class]
2024-06-02 20:09:22,718 DEBUG [main] o.s.c.a.ClassPathBeanDefinitionScanner [ClassPathScanningCandidateComponentProvider.java:435] 
Identified candidate component class: URL [jar:file:/C:/Users/Moshina/.m2/repository/io/springfox/springfox-spring-web/2.6.1/springfox-spring-web-2.6.1.jar!/springfox/documentation/spring/web/scanners/MediaTypeReader.class]
2024-06-02 20:09:22,757 DEBUG [main] o.s.c.a.ClassPathBeanDefinitionScanner [ClassPathScanningCandidateComponentProvider.java:435] 
Identified candidate component class: URL [jar:file:/C:/Users/Moshina/.m2/repository/io/springfox/springfox-spring-web/2.6.1/springfox-spring-web-2.6.1.jar!/springfox/documentation/spring/web/readers/operation/ApiOperationReader.class]
2024-06-02 20:09:22,763 DEBUG [main] o.s.c.a.ClassPathBeanDefinitionScanner [ClassPathScanningCandidateComponentProvider.java:435] 
Identified candidate component class: URL [jar:file:/C:/Users/Moshina/.m2/repository/io/springfox/springfox-spring-web/2.6.1/springfox-spring-web-2.6.1.jar!/springfox/documentation/spring/web/readers/operation/CachingOperationNameGenerator.class]
2024-06-02 20:09:22,769 DEBUG [main] o.s.c.a.ClassPathBeanDefinitionScanner [ClassPathScanningCandidateComponentProvider.java:435] 
Identified candidate component class: URL [jar:file:/C:/Users/Moshina/.m2/repository/io/springfox/springfox-spring-web/2.6.1/springfox-spring-web-2.6.1.jar!/springfox/documentation/spring/web/readers/operation/DefaultOperationReader.class]
2024-06-02 20:09:22,774 DEBUG [main] o.s.c.a.ClassPathBeanDefinitionScanner [ClassPathScanningCandidateComponentProvider.java:435] 
Identified candidate component class: URL [jar:file:/C:/Users/Moshina/.m2/repository/io/springfox/springfox-spring-web/2.6.1/springfox-spring-web-2.6.1.jar!/springfox/documentation/spring/web/readers/operation/DefaultTagsProvider.class]
2024-06-02 20:09:22,794 DEBUG [main] o.s.c.a.ClassPathBeanDefinitionScanner [ClassPathScanningCandidateComponentProvider.java:435] 
Identified candidate component class: URL [jar:file:/C:/Users/Moshina/.m2/repository/io/springfox/springfox-spring-web/2.6.1/springfox-spring-web-2.6.1.jar!/springfox/documentation/spring/web/readers/operation/OperationDeprecatedReader.class]
2024-06-02 20:09:22,805 DEBUG [main] o.s.c.a.ClassPathBeanDefinitionScanner [ClassPathScanningCandidateComponentProvider.java:435] 
Identified candidate component class: URL [jar:file:/C:/Users/Moshina/.m2/repository/io/springfox/springfox-spring-web/2.6.1/springfox-spring-web-2.6.1.jar!/springfox/documentation/spring/web/readers/operation/OperationModelsProvider.class]
2024-06-02 20:09:22,814 DEBUG [main] o.s.c.a.ClassPathBeanDefinitionScanner [ClassPathScanningCandidateComponentProvider.java:435] 
Identified candidate component class: URL [jar:file:/C:/Users/Moshina/.m2/repository/io/springfox/springfox-spring-web/2.6.1/springfox-spring-web-2.6.1.jar!/springfox/documentation/spring/web/readers/operation/OperationParameterHeadersConditionReader.class]
2024-06-02 20:09:22,879 DEBUG [main] o.s.c.a.ClassPathBeanDefinitionScanner [ClassPathScanningCandidateComponentProvider.java:435] 
Identified candidate component class: URL [jar:file:/C:/Users/Moshina/.m2/repository/io/springfox/springfox-spring-web/2.6.1/springfox-spring-web-2.6.1.jar!/springfox/documentation/spring/web/readers/operation/OperationParameterReader.class]
2024-06-02 20:09:22,887 DEBUG [main] o.s.c.a.ClassPathBeanDefinitionScanner [ClassPathScanningCandidateComponentProvider.java:435] 
Identified candidate component class: URL [jar:file:/C:/Users/Moshina/.m2/repository/io/springfox/springfox-spring-web/2.6.1/springfox-spring-web-2.6.1.jar!/springfox/documentation/spring/web/readers/operation/OperationParameterRequestConditionReader.class]
2024-06-02 20:09:22,897 DEBUG [main] o.s.c.a.ClassPathBeanDefinitionScanner [ClassPathScanningCandidateComponentProvider.java:435] 
Identified candidate component class: URL [jar:file:/C:/Users/Moshina/.m2/repository/io/springfox/springfox-spring-web/2.6.1/springfox-spring-web-2.6.1.jar!/springfox/documentation/spring/web/readers/operation/OperationResponseClassReader.class]
2024-06-02 20:09:22,903 DEBUG [main] o.s.c.a.ClassPathBeanDefinitionScanner [ClassPathScanningCandidateComponentProvider.java:435] 
Identified candidate component class: URL [jar:file:/C:/Users/Moshina/.m2/repository/io/springfox/springfox-spring-web/2.6.1/springfox-spring-web-2.6.1.jar!/springfox/documentation/spring/web/readers/operation/OperationTagsReader.class]
2024-06-02 20:09:22,907 DEBUG [main] o.s.c.a.ClassPathBeanDefinitionScanner [ClassPathScanningCandidateComponentProvider.java:435] 
Identified candidate component class: URL [jar:file:/C:/Users/Moshina/.m2/repository/io/springfox/springfox-spring-web/2.6.1/springfox-spring-web-2.6.1.jar!/springfox/documentation/spring/web/readers/operation/ResponseMessagesReader.class]
2024-06-02 20:09:22,929 DEBUG [main] o.s.c.a.ClassPathBeanDefinitionScanner [ClassPathScanningCandidateComponentProvider.java:435] 
Identified candidate component class: URL [jar:file:/C:/Users/Moshina/.m2/repository/io/springfox/springfox-spring-web/2.6.1/springfox-spring-web-2.6.1.jar!/springfox/documentation/spring/web/readers/parameter/ExpandedParameterBuilder.class]
2024-06-02 20:09:22,957 DEBUG [main] o.s.c.a.ClassPathBeanDefinitionScanner [ClassPathScanningCandidateComponentProvider.java:435] 
Identified candidate component class: URL [jar:file:/C:/Users/Moshina/.m2/repository/io/springfox/springfox-spring-web/2.6.1/springfox-spring-web-2.6.1.jar!/springfox/documentation/spring/web/readers/parameter/ModelAttributeParameterExpander.class]
2024-06-02 20:09:22,961 DEBUG [main] o.s.c.a.ClassPathBeanDefinitionScanner [ClassPathScanningCandidateComponentProvider.java:435] 
Identified candidate component class: URL [jar:file:/C:/Users/Moshina/.m2/repository/io/springfox/springfox-spring-web/2.6.1/springfox-spring-web-2.6.1.jar!/springfox/documentation/spring/web/readers/parameter/ParameterDataTypeReader.class]
2024-06-02 20:09:22,965 DEBUG [main] o.s.c.a.ClassPathBeanDefinitionScanner [ClassPathScanningCandidateComponentProvider.java:435] 
Identified candidate component class: URL [jar:file:/C:/Users/Moshina/.m2/repository/io/springfox/springfox-spring-web/2.6.1/springfox-spring-web-2.6.1.jar!/springfox/documentation/spring/web/readers/parameter/ParameterDefaultReader.class]
2024-06-02 20:09:22,978 DEBUG [main] o.s.c.a.ClassPathBeanDefinitionScanner [ClassPathScanningCandidateComponentProvider.java:435] 
Identified candidate component class: URL [jar:file:/C:/Users/Moshina/.m2/repository/io/springfox/springfox-spring-web/2.6.1/springfox-spring-web-2.6.1.jar!/springfox/documentation/spring/web/readers/parameter/ParameterMultiplesReader.class]
2024-06-02 20:09:22,990 DEBUG [main] o.s.c.a.ClassPathBeanDefinitionScanner [ClassPathScanningCandidateComponentProvider.java:435] 
Identified candidate component class: URL [jar:file:/C:/Users/Moshina/.m2/repository/io/springfox/springfox-spring-web/2.6.1/springfox-spring-web-2.6.1.jar!/springfox/documentation/spring/web/readers/parameter/ParameterNameReader.class]
2024-06-02 20:09:22,993 DEBUG [main] o.s.c.a.ClassPathBeanDefinitionScanner [ClassPathScanningCandidateComponentProvider.java:435] 
Identified candidate component class: URL [jar:file:/C:/Users/Moshina/.m2/repository/io/springfox/springfox-spring-web/2.6.1/springfox-spring-web-2.6.1.jar!/springfox/documentation/spring/web/readers/parameter/ParameterRequiredReader.class]
2024-06-02 20:09:22,997 DEBUG [main] o.s.c.a.ClassPathBeanDefinitionScanner [ClassPathScanningCandidateComponentProvider.java:435] 
Identified candidate component class: URL [jar:file:/C:/Users/Moshina/.m2/repository/io/springfox/springfox-spring-web/2.6.1/springfox-spring-web-2.6.1.jar!/springfox/documentation/spring/web/readers/parameter/ParameterTypeReader.class]
2024-06-02 20:09:23,038 DEBUG [main] o.s.c.a.ClassPathBeanDefinitionScanner [ClassPathScanningCandidateComponentProvider.java:435] 
Identified candidate component class: URL [jar:file:/C:/Users/Moshina/.m2/repository/io/springfox/springfox-spring-web/2.6.1/springfox-spring-web-2.6.1.jar!/springfox/documentation/spring/web/plugins/DocumentationPluginsBootstrapper.class]
2024-06-02 20:09:23,054 DEBUG [main] o.s.c.a.ClassPathBeanDefinitionScanner [ClassPathScanningCandidateComponentProvider.java:435] 
Identified candidate component class: URL [jar:file:/C:/Users/Moshina/.m2/repository/io/springfox/springfox-spring-web/2.6.1/springfox-spring-web-2.6.1.jar!/springfox/documentation/spring/web/plugins/DocumentationPluginsManager.class]
2024-06-02 20:09:23,070 DEBUG [main] o.s.c.a.ClassPathBeanDefinitionScanner [ClassPathScanningCandidateComponentProvider.java:435] 
Identified candidate component class: URL [jar:file:/C:/Users/Moshina/.m2/repository/io/springfox/springfox-spring-web/2.6.1/springfox-spring-web-2.6.1.jar!/springfox/documentation/spring/web/plugins/WebMvcRequestHandlerProvider.class]
2024-06-02 20:09:23,085 DEBUG [main] o.s.c.a.ClassPathBeanDefinitionScanner [ClassPathScanningCandidateComponentProvider.java:435] 
Identified candidate component class: URL [jar:file:/C:/Users/Moshina/.m2/repository/io/springfox/springfox-spring-web/2.6.1/springfox-spring-web-2.6.1.jar!/springfox/documentation/spring/web/paths/OperationPathDecorator.class]
2024-06-02 20:09:23,096 DEBUG [main] o.s.c.a.ClassPathBeanDefinitionScanner [ClassPathScanningCandidateComponentProvider.java:435] 
Identified candidate component class: URL [jar:file:/C:/Users/Moshina/.m2/repository/io/springfox/springfox-spring-web/2.6.1/springfox-spring-web-2.6.1.jar!/springfox/documentation/spring/web/paths/PathMappingDecorator.class]
2024-06-02 20:09:23,105 DEBUG [main] o.s.c.a.ClassPathBeanDefinitionScanner [ClassPathScanningCandidateComponentProvider.java:435] 
Identified candidate component class: URL [jar:file:/C:/Users/Moshina/.m2/repository/io/springfox/springfox-spring-web/2.6.1/springfox-spring-web-2.6.1.jar!/springfox/documentation/spring/web/paths/PathSanitizer.class]
2024-06-02 20:09:23,125 DEBUG [main] o.s.c.a.ClassPathBeanDefinitionScanner [ClassPathScanningCandidateComponentProvider.java:435] 
Identified candidate component class: URL [jar:file:/C:/Users/Moshina/.m2/repository/io/springfox/springfox-spring-web/2.6.1/springfox-spring-web-2.6.1.jar!/springfox/documentation/spring/web/paths/QueryStringUriTemplateDecorator.class]
2024-06-02 20:09:23,286 DEBUG [main] o.s.c.a.ClassPathBeanDefinitionScanner [ClassPathScanningCandidateComponentProvider.java:435] 
Identified candidate component class: URL [jar:file:/C:/Users/Moshina/.m2/repository/io/springfox/springfox-schema/2.6.1/springfox-schema-2.6.1.jar!/springfox/documentation/schema/CachingModelDependencyProvider.class]
2024-06-02 20:09:23,388 DEBUG [main] o.s.c.a.ClassPathBeanDefinitionScanner [ClassPathScanningCandidateComponentProvider.java:435] 
Identified candidate component class: URL [jar:file:/C:/Users/Moshina/.m2/repository/io/springfox/springfox-schema/2.6.1/springfox-schema-2.6.1.jar!/springfox/documentation/schema/CachingModelProvider.class]
2024-06-02 20:09:23,410 DEBUG [main] o.s.c.a.ClassPathBeanDefinitionScanner [ClassPathScanningCandidateComponentProvider.java:435] 
Identified candidate component class: URL [jar:file:/C:/Users/Moshina/.m2/repository/io/springfox/springfox-schema/2.6.1/springfox-schema-2.6.1.jar!/springfox/documentation/schema/DefaultModelDependencyProvider.class]
2024-06-02 20:09:23,427 DEBUG [main] o.s.c.a.ClassPathBeanDefinitionScanner [ClassPathScanningCandidateComponentProvider.java:435] 
Identified candidate component class: URL [jar:file:/C:/Users/Moshina/.m2/repository/io/springfox/springfox-schema/2.6.1/springfox-schema-2.6.1.jar!/springfox/documentation/schema/DefaultModelProvider.class]
2024-06-02 20:09:23,450 DEBUG [main] o.s.c.a.ClassPathBeanDefinitionScanner [ClassPathScanningCandidateComponentProvider.java:435] 
Identified candidate component class: URL [jar:file:/C:/Users/Moshina/.m2/repository/io/springfox/springfox-schema/2.6.1/springfox-schema-2.6.1.jar!/springfox/documentation/schema/plugins/SchemaPluginsManager.class]
2024-06-02 20:09:23,462 DEBUG [main] o.s.c.a.ClassPathBeanDefinitionScanner [ClassPathScanningCandidateComponentProvider.java:435] 
Identified candidate component class: URL [jar:file:/C:/Users/Moshina/.m2/repository/io/springfox/springfox-schema/2.6.1/springfox-schema-2.6.1.jar!/springfox/documentation/schema/property/bean/AccessorsProvider.class]
2024-06-02 20:09:23,477 DEBUG [main] o.s.c.a.ClassPathBeanDefinitionScanner [ClassPathScanningCandidateComponentProvider.java:435] 
Identified candidate component class: URL [jar:file:/C:/Users/Moshina/.m2/repository/io/springfox/springfox-schema/2.6.1/springfox-schema-2.6.1.jar!/springfox/documentation/schema/property/CachingModelPropertiesProvider.class]
2024-06-02 20:09:23,483 DEBUG [main] o.s.c.a.ClassPathBeanDefinitionScanner [ClassPathScanningCandidateComponentProvider.java:435] 
Identified candidate component class: URL [jar:file:/C:/Users/Moshina/.m2/repository/io/springfox/springfox-schema/2.6.1/springfox-schema-2.6.1.jar!/springfox/documentation/schema/property/FactoryMethodProvider.class]
2024-06-02 20:09:23,489 DEBUG [main] o.s.c.a.ClassPathBeanDefinitionScanner [ClassPathScanningCandidateComponentProvider.java:435] 
Identified candidate component class: URL [jar:file:/C:/Users/Moshina/.m2/repository/io/springfox/springfox-schema/2.6.1/springfox-schema-2.6.1.jar!/springfox/documentation/schema/property/field/FieldProvider.class]
2024-06-02 20:09:23,495 DEBUG [main] o.s.c.a.ClassPathBeanDefinitionScanner [ClassPathScanningCandidateComponentProvider.java:435] 
Identified candidate component class: URL [jar:file:/C:/Users/Moshina/.m2/repository/io/springfox/springfox-schema/2.6.1/springfox-schema-2.6.1.jar!/springfox/documentation/schema/property/ObjectMapperBeanPropertyNamingStrategy.class]
2024-06-02 20:09:23,513 DEBUG [main] o.s.c.a.ClassPathBeanDefinitionScanner [ClassPathScanningCandidateComponentProvider.java:435] 
Identified candidate component class: URL [jar:file:/C:/Users/Moshina/.m2/repository/io/springfox/springfox-schema/2.6.1/springfox-schema-2.6.1.jar!/springfox/documentation/schema/property/OptimizedModelPropertiesProvider.class]
2024-06-02 20:09:23,524 DEBUG [main] o.s.c.a.ClassPathBeanDefinitionScanner [ClassPathScanningCandidateComponentProvider.java:435] 
Identified candidate component class: URL [jar:file:/C:/Users/Moshina/.m2/repository/io/springfox/springfox-schema/2.6.1/springfox-schema-2.6.1.jar!/springfox/documentation/schema/TypeNameExtractor.class]
2024-06-02 20:09:23,564 DEBUG [main] o.s.c.a.ClassPathBeanDefinitionScanner [ClassPathScanningCandidateComponentProvider.java:435] 
Identified candidate component class: URL [jar:file:/C:/Users/Moshina/.m2/repository/io/springfox/springfox-swagger-common/2.6.1/springfox-swagger-common-2.6.1.jar!/springfox/documentation/swagger/schema/ApiModelBuilder.class]
2024-06-02 20:09:23,583 DEBUG [main] o.s.c.a.ClassPathBeanDefinitionScanner [ClassPathScanningCandidateComponentProvider.java:435] 
Identified candidate component class: URL [jar:file:/C:/Users/Moshina/.m2/repository/io/springfox/springfox-swagger-common/2.6.1/springfox-swagger-common-2.6.1.jar!/springfox/documentation/swagger/schema/ApiModelPropertyPropertyBuilder.class]
2024-06-02 20:09:23,591 DEBUG [main] o.s.c.a.ClassPathBeanDefinitionScanner [ClassPathScanningCandidateComponentProvider.java:435] 
Identified candidate component class: URL [jar:file:/C:/Users/Moshina/.m2/repository/io/springfox/springfox-swagger-common/2.6.1/springfox-swagger-common-2.6.1.jar!/springfox/documentation/swagger/schema/ApiModelTypeNameProvider.class]
2024-06-02 20:09:23,603 DEBUG [main] o.s.c.a.ClassPathBeanDefinitionScanner [ClassPathScanningCandidateComponentProvider.java:435] 
Identified candidate component class: URL [jar:file:/C:/Users/Moshina/.m2/repository/io/springfox/springfox-swagger-common/2.6.1/springfox-swagger-common-2.6.1.jar!/springfox/documentation/swagger/readers/operation/OperationAuthReader.class]
2024-06-02 20:09:23,609 DEBUG [main] o.s.c.a.ClassPathBeanDefinitionScanner [ClassPathScanningCandidateComponentProvider.java:435] 
Identified candidate component class: URL [jar:file:/C:/Users/Moshina/.m2/repository/io/springfox/springfox-swagger-common/2.6.1/springfox-swagger-common-2.6.1.jar!/springfox/documentation/swagger/readers/operation/OperationHiddenReader.class]
2024-06-02 20:09:23,614 DEBUG [main] o.s.c.a.ClassPathBeanDefinitionScanner [ClassPathScanningCandidateComponentProvider.java:435] 
Identified candidate component class: URL [jar:file:/C:/Users/Moshina/.m2/repository/io/springfox/springfox-swagger-common/2.6.1/springfox-swagger-common-2.6.1.jar!/springfox/documentation/swagger/readers/operation/OperationHttpMethodReader.class]
2024-06-02 20:09:23,618 DEBUG [main] o.s.c.a.ClassPathBeanDefinitionScanner [ClassPathScanningCandidateComponentProvider.java:435] 
Identified candidate component class: URL [jar:file:/C:/Users/Moshina/.m2/repository/io/springfox/springfox-swagger-common/2.6.1/springfox-swagger-common-2.6.1.jar!/springfox/documentation/swagger/readers/operation/OperationImplicitParameterReader.class]
2024-06-02 20:09:23,623 DEBUG [main] o.s.c.a.ClassPathBeanDefinitionScanner [ClassPathScanningCandidateComponentProvider.java:435] 
Identified candidate component class: URL [jar:file:/C:/Users/Moshina/.m2/repository/io/springfox/springfox-swagger-common/2.6.1/springfox-swagger-common-2.6.1.jar!/springfox/documentation/swagger/readers/operation/OperationImplicitParametersReader.class]
2024-06-02 20:09:23,626 DEBUG [main] o.s.c.a.ClassPathBeanDefinitionScanner [ClassPathScanningCandidateComponentProvider.java:435] 
Identified candidate component class: URL [jar:file:/C:/Users/Moshina/.m2/repository/io/springfox/springfox-swagger-common/2.6.1/springfox-swagger-common-2.6.1.jar!/springfox/documentation/swagger/readers/operation/OperationNicknameIntoUniqueIdReader.class]
2024-06-02 20:09:23,630 DEBUG [main] o.s.c.a.ClassPathBeanDefinitionScanner [ClassPathScanningCandidateComponentProvider.java:435] 
Identified candidate component class: URL [jar:file:/C:/Users/Moshina/.m2/repository/io/springfox/springfox-swagger-common/2.6.1/springfox-swagger-common-2.6.1.jar!/springfox/documentation/swagger/readers/operation/OperationNotesReader.class]
2024-06-02 20:09:23,633 DEBUG [main] o.s.c.a.ClassPathBeanDefinitionScanner [ClassPathScanningCandidateComponentProvider.java:435] 
Identified candidate component class: URL [jar:file:/C:/Users/Moshina/.m2/repository/io/springfox/springfox-swagger-common/2.6.1/springfox-swagger-common-2.6.1.jar!/springfox/documentation/swagger/readers/operation/OperationPositionReader.class]
2024-06-02 20:09:23,637 DEBUG [main] o.s.c.a.ClassPathBeanDefinitionScanner [ClassPathScanningCandidateComponentProvider.java:435] 
Identified candidate component class: URL [jar:file:/C:/Users/Moshina/.m2/repository/io/springfox/springfox-swagger-common/2.6.1/springfox-swagger-common-2.6.1.jar!/springfox/documentation/swagger/readers/operation/OperationSummaryReader.class]
2024-06-02 20:09:23,646 DEBUG [main] o.s.c.a.ClassPathBeanDefinitionScanner [ClassPathScanningCandidateComponentProvider.java:435] 
Identified candidate component class: URL [jar:file:/C:/Users/Moshina/.m2/repository/io/springfox/springfox-swagger-common/2.6.1/springfox-swagger-common-2.6.1.jar!/springfox/documentation/swagger/readers/operation/SwaggerMediaTypeReader.class]
2024-06-02 20:09:23,652 DEBUG [main] o.s.c.a.ClassPathBeanDefinitionScanner [ClassPathScanningCandidateComponentProvider.java:435] 
Identified candidate component class: URL [jar:file:/C:/Users/Moshina/.m2/repository/io/springfox/springfox-swagger-common/2.6.1/springfox-swagger-common-2.6.1.jar!/springfox/documentation/swagger/readers/operation/SwaggerOperationModelsProvider.class]
2024-06-02 20:09:23,656 DEBUG [main] o.s.c.a.ClassPathBeanDefinitionScanner [ClassPathScanningCandidateComponentProvider.java:435] 
Identified candidate component class: URL [jar:file:/C:/Users/Moshina/.m2/repository/io/springfox/springfox-swagger-common/2.6.1/springfox-swagger-common-2.6.1.jar!/springfox/documentation/swagger/readers/operation/SwaggerOperationResponseClassReader.class]
2024-06-02 20:09:23,663 DEBUG [main] o.s.c.a.ClassPathBeanDefinitionScanner [ClassPathScanningCandidateComponentProvider.java:435] 
Identified candidate component class: URL [jar:file:/C:/Users/Moshina/.m2/repository/io/springfox/springfox-swagger-common/2.6.1/springfox-swagger-common-2.6.1.jar!/springfox/documentation/swagger/readers/operation/SwaggerOperationTagsReader.class]
2024-06-02 20:09:23,667 DEBUG [main] o.s.c.a.ClassPathBeanDefinitionScanner [ClassPathScanningCandidateComponentProvider.java:435] 
Identified candidate component class: URL [jar:file:/C:/Users/Moshina/.m2/repository/io/springfox/springfox-swagger-common/2.6.1/springfox-swagger-common-2.6.1.jar!/springfox/documentation/swagger/readers/operation/SwaggerResponseMessageReader.class]
2024-06-02 20:09:23,675 DEBUG [main] o.s.c.a.ClassPathBeanDefinitionScanner [ClassPathScanningCandidateComponentProvider.java:435] 
Identified candidate component class: URL [jar:file:/C:/Users/Moshina/.m2/repository/io/springfox/springfox-swagger-common/2.6.1/springfox-swagger-common-2.6.1.jar!/springfox/documentation/swagger/readers/operation/VendorExtensionsReader.class]
2024-06-02 20:09:23,681 DEBUG [main] o.s.c.a.ClassPathBeanDefinitionScanner [ClassPathScanningCandidateComponentProvider.java:435] 
Identified candidate component class: URL [jar:file:/C:/Users/Moshina/.m2/repository/io/springfox/springfox-swagger-common/2.6.1/springfox-swagger-common-2.6.1.jar!/springfox/documentation/swagger/readers/parameter/ApiParamParameterBuilder.class]
2024-06-02 20:09:23,690 DEBUG [main] o.s.c.a.ClassPathBeanDefinitionScanner [ClassPathScanningCandidateComponentProvider.java:435] 
Identified candidate component class: URL [jar:file:/C:/Users/Moshina/.m2/repository/io/springfox/springfox-swagger-common/2.6.1/springfox-swagger-common-2.6.1.jar!/springfox/documentation/swagger/readers/parameter/SwaggerExpandedParameterBuilder.class]
2024-06-02 20:09:23,702 DEBUG [main] o.s.c.a.ClassPathBeanDefinitionScanner [ClassPathScanningCandidateComponentProvider.java:435] 
Identified candidate component class: URL [jar:file:/C:/Users/Moshina/.m2/repository/io/springfox/springfox-swagger-common/2.6.1/springfox-swagger-common-2.6.1.jar!/springfox/documentation/swagger/web/ApiResourceController.class]
2024-06-02 20:09:23,715 DEBUG [main] o.s.c.a.ClassPathBeanDefinitionScanner [ClassPathScanningCandidateComponentProvider.java:435] 
Identified candidate component class: URL [jar:file:/C:/Users/Moshina/.m2/repository/io/springfox/springfox-swagger-common/2.6.1/springfox-swagger-common-2.6.1.jar!/springfox/documentation/swagger/web/ClassOrApiAnnotationResourceGrouping.class]
2024-06-02 20:09:23,727 DEBUG [main] o.s.c.a.ClassPathBeanDefinitionScanner [ClassPathScanningCandidateComponentProvider.java:435] 
Identified candidate component class: URL [jar:file:/C:/Users/Moshina/.m2/repository/io/springfox/springfox-swagger-common/2.6.1/springfox-swagger-common-2.6.1.jar!/springfox/documentation/swagger/web/InMemorySwaggerResourcesProvider.class]
2024-06-02 20:09:23,772 DEBUG [main] o.s.c.a.ClassPathBeanDefinitionScanner [ClassPathScanningCandidateComponentProvider.java:435] 
Identified candidate component class: URL [jar:file:/C:/Users/Moshina/.m2/repository/io/springfox/springfox-swagger-common/2.6.1/springfox-swagger-common-2.6.1.jar!/springfox/documentation/swagger/web/SwaggerApiListingReader.class]
